This is pdfTeX, Version 3.14159265-2.6-1.40.18 (MiKTeX 2.9.6350) (preloaded format=pdflatex 2017.9.4)  21 AUG 2018 12:02
entering extended mode
**./Results_mc6.tex
(Results_mc6.tex
LaTeX2e <2017-04-15>
Babel <3.10> and hyphenation patterns for 1 language(s) loaded.

("C:\Users\Achim.Ahrens\Miktex portable\texmfs\install\tex\latex\beamer\beamer.
cls"
Document Class: beamer 2017/11/10 v3.44 A class for typesetting presentations

("C:\Users\Achim.Ahrens\Miktex portable\texmfs\install\tex\latex\beamer\beamerb
asemodes.sty"
("C:\Users\Achim.Ahrens\Miktex portable\texmfs\install\tex\latex\etoolbox\etool
box.sty"
Package: etoolbox 2017/01/02 v2.4 e-TeX tools for LaTeX (JAW)
\etb@tempcnta=\count79
)
\beamer@tempbox=\box26
\beamer@tempcount=\count80
\c@beamerpauses=\count81

("C:\Users\Achim.Ahrens\Miktex portable\texmfs\install\tex\latex\beamer\beamerb
asedecode.sty"
\beamer@slideinframe=\count82
\beamer@minimum=\count83
)
\beamer@commentbox=\box27
\beamer@modecount=\count84
)
("C:\Users\Achim.Ahrens\Miktex portable\texmfs\install\tex\generic\oberdiek\ifp
df.sty"
Package: ifpdf 2017/03/15 v3.2 Provides the ifpdf switch
)
\headdp=\dimen102
\footheight=\dimen103
\sidebarheight=\dimen104
\beamer@tempdim=\dimen105
\beamer@finalheight=\dimen106
\beamer@animht=\dimen107
\beamer@animdp=\dimen108
\beamer@animwd=\dimen109
\beamer@leftmargin=\dimen110
\beamer@rightmargin=\dimen111
\beamer@leftsidebar=\dimen112
\beamer@rightsidebar=\dimen113
\beamer@boxsize=\dimen114
\beamer@vboxoffset=\dimen115
\beamer@descdefault=\dimen116
\beamer@descriptionwidth=\dimen117
\beamer@lastskip=\skip41
\beamer@areabox=\box28
\beamer@animcurrent=\box29
\beamer@animshowbox=\box30
\beamer@sectionbox=\box31
\beamer@logobox=\box32
\beamer@linebox=\box33
\beamer@sectioncount=\count85
\beamer@subsubsectionmax=\count86
\beamer@subsectionmax=\count87
\beamer@sectionmax=\count88
\beamer@totalheads=\count89
\beamer@headcounter=\count90
\beamer@partstartpage=\count91
\beamer@sectionstartpage=\count92
\beamer@subsectionstartpage=\count93
\beamer@animationtempa=\count94
\beamer@animationtempb=\count95
\beamer@xpos=\count96
\beamer@ypos=\count97
\beamer@ypos@offset=\count98
\beamer@showpartnumber=\count99
\beamer@currentsubsection=\count100
\beamer@coveringdepth=\count101
\beamer@sectionadjust=\count102
\beamer@tocsectionnumber=\count103

("C:\Users\Achim.Ahrens\Miktex portable\texmfs\install\tex\latex\beamer\beamerb
aseoptions.sty"
("C:\Users\Achim.Ahrens\Miktex portable\texmfs\install\tex\latex\graphics\keyva
l.sty"
Package: keyval 2014/10/28 v1.15 key=value parser (DPC)
\KV@toks@=\toks14
))
\beamer@paperwidth=\skip42
\beamer@paperheight=\skip43

("C:\Users\Achim.Ahrens\Miktex portable\texmfs\install\tex\latex\geometry\geome
try.sty"
Package: geometry 2010/09/12 v5.6 Page Geometry

("C:\Users\Achim.Ahrens\Miktex portable\texmfs\install\tex\generic\oberdiek\ifv
tex.sty"
Package: ifvtex 2016/05/16 v1.6 Detect VTeX and its facilities (HO)
Package ifvtex Info: VTeX not detected.
)
("C:\Users\Achim.Ahrens\Miktex portable\texmfs\install\tex\generic\ifxetex\ifxe
tex.sty"
Package: ifxetex 2010/09/12 v0.6 Provides ifxetex conditional
)
\Gm@cnth=\count104
\Gm@cntv=\count105
\c@Gm@tempcnt=\count106
\Gm@bindingoffset=\dimen118
\Gm@wd@mp=\dimen119
\Gm@odd@mp=\dimen120
\Gm@even@mp=\dimen121
\Gm@layoutwidth=\dimen122
\Gm@layoutheight=\dimen123
\Gm@layouthoffset=\dimen124
\Gm@layoutvoffset=\dimen125
\Gm@dimlist=\toks15

("C:\Users\Achim.Ahrens\Miktex portable\texmfs\install\tex\latex\geometry\geome
try.cfg"))
("C:\Users\Achim.Ahrens\Miktex portable\texmfs\install\tex\latex\base\size11.cl
o"
File: size11.clo 2014/09/29 v1.4h Standard LaTeX file (size option)
)
("C:\Users\Achim.Ahrens\Miktex portable\texmfs\install\tex\latex\pgf\basiclayer
\pgfcore.sty"
("C:\Users\Achim.Ahrens\Miktex portable\texmfs\install\tex\latex\graphics\graph
icx.sty"
Package: graphicx 2014/10/28 v1.0g Enhanced LaTeX Graphics (DPC,SPQR)

("C:\Users\Achim.Ahrens\Miktex portable\texmfs\install\tex\latex\graphics\graph
ics.sty"
Package: graphics 2017/04/14 v1.1b Standard LaTeX Graphics (DPC,SPQR)

("C:\Users\Achim.Ahrens\Miktex portable\texmfs\install\tex\latex\graphics\trig.
sty"
Package: trig 2016/01/03 v1.10 sin cos tan (DPC)
)
("C:\Users\Achim.Ahrens\Miktex portable\texmfs\install\tex\latex\graphics-cfg\g
raphics.cfg"
File: graphics.cfg 2016/06/04 v1.11 sample graphics configuration
)
Package graphics Info: Driver file: pdftex.def on input line 99.

("C:\Users\Achim.Ahrens\Miktex portable\texmfs\install\tex\latex\graphics-def\p
dftex.def"
File: pdftex.def 2017/01/12 v0.06k Graphics/color for pdfTeX

("C:\Users\Achim.Ahrens\Miktex portable\texmfs\install\tex\generic\oberdiek\inf
warerr.sty"
Package: infwarerr 2016/05/16 v1.4 Providing info/warning/error messages (HO)
)
("C:\Users\Achim.Ahrens\Miktex portable\texmfs\install\tex\generic\oberdiek\ltx
cmds.sty"
Package: ltxcmds 2016/05/16 v1.23 LaTeX kernel commands for general use (HO)
)
\Gread@gobject=\count107
))
\Gin@req@height=\dimen126
\Gin@req@width=\dimen127
)
("C:\Users\Achim.Ahrens\Miktex portable\texmfs\install\tex\latex\pgf\systemlaye
r\pgfsys.sty"
("C:\Users\Achim.Ahrens\Miktex portable\texmfs\install\tex\latex\pgf\utilities\
pgfrcs.sty"
("C:\Users\Achim.Ahrens\Miktex portable\texmfs\install\tex\generic\pgf\utilitie
s\pgfutil-common.tex"
\pgfutil@everybye=\toks16
\pgfutil@tempdima=\dimen128
\pgfutil@tempdimb=\dimen129

("C:\Users\Achim.Ahrens\Miktex portable\texmfs\install\tex\generic\pgf\utilitie
s\pgfutil-common-lists.tex"))
("C:\Users\Achim.Ahrens\Miktex portable\texmfs\install\tex\generic\pgf\utilitie
s\pgfutil-latex.def"
\pgfutil@abb=\box34

("C:\Users\Achim.Ahrens\Miktex portable\texmfs\install\tex\latex\ms\everyshi.st
y"
Package: everyshi 2001/05/15 v3.00 EveryShipout Package (MS)
))
("C:\Users\Achim.Ahrens\Miktex portable\texmfs\install\tex\generic\pgf\utilitie
s\pgfrcs.code.tex"
Package: pgfrcs 2015/08/07 v3.0.1a (rcs-revision 1.31)
))
("C:\Users\Achim.Ahrens\Miktex portable\texmfs\install\tex\generic\pgf\systemla
yer\pgfsys.code.tex"
Package: pgfsys 2014/07/09 v3.0.1a (rcs-revision 1.48)

("C:\Users\Achim.Ahrens\Miktex portable\texmfs\install\tex\generic\pgf\utilitie
s\pgfkeys.code.tex"
\pgfkeys@pathtoks=\toks17
\pgfkeys@temptoks=\toks18

("C:\Users\Achim.Ahrens\Miktex portable\texmfs\install\tex\generic\pgf\utilitie
s\pgfkeysfiltered.code.tex"
\pgfkeys@tmptoks=\toks19
))
\pgf@x=\dimen130
\pgf@y=\dimen131
\pgf@xa=\dimen132
\pgf@ya=\dimen133
\pgf@xb=\dimen134
\pgf@yb=\dimen135
\pgf@xc=\dimen136
\pgf@yc=\dimen137
\w@pgf@writea=\write3
\r@pgf@reada=\read1
\c@pgf@counta=\count108
\c@pgf@countb=\count109
\c@pgf@countc=\count110
\c@pgf@countd=\count111
\t@pgf@toka=\toks20
\t@pgf@tokb=\toks21
\t@pgf@tokc=\toks22

("C:\Users\Achim.Ahrens\Miktex portable\texmfs\install\tex\generic\pgf\systemla
yer\pgf.cfg"
File: pgf.cfg 2008/05/14  (rcs-revision 1.7)
)
Driver file for pgf: pgfsys-pdftex.def

("C:\Users\Achim.Ahrens\Miktex portable\texmfs\install\tex\generic\pgf\systemla
yer\pgfsys-pdftex.def"
File: pgfsys-pdftex.def 2014/10/11  (rcs-revision 1.35)

("C:\Users\Achim.Ahrens\Miktex portable\texmfs\install\tex\generic\pgf\systemla
yer\pgfsys-common-pdf.def"
File: pgfsys-common-pdf.def 2013/10/10  (rcs-revision 1.13)
)))
("C:\Users\Achim.Ahrens\Miktex portable\texmfs\install\tex\generic\pgf\systemla
yer\pgfsyssoftpath.code.tex"
File: pgfsyssoftpath.code.tex 2013/09/09  (rcs-revision 1.9)
\pgfsyssoftpath@smallbuffer@items=\count112
\pgfsyssoftpath@bigbuffer@items=\count113
)
("C:\Users\Achim.Ahrens\Miktex portable\texmfs\install\tex\generic\pgf\systemla
yer\pgfsysprotocol.code.tex"
File: pgfsysprotocol.code.tex 2006/10/16  (rcs-revision 1.4)
))
("C:\Users\Achim.Ahrens\Miktex portable\texmfs\install\tex\latex\xcolor\xcolor.
sty"
Package: xcolor 2016/05/11 v2.12 LaTeX color extensions (UK)

("C:\Users\Achim.Ahrens\Miktex portable\texmfs\install\tex\latex\graphics-cfg\c
olor.cfg"
File: color.cfg 2016/01/02 v1.6 sample color configuration
)
Package xcolor Info: Driver file: pdftex.def on input line 225.
Package xcolor Info: Model `cmy' substituted by `cmy0' on input line 1348.
Package xcolor Info: Model `hsb' substituted by `rgb' on input line 1352.
Package xcolor Info: Model `RGB' extended on input line 1364.
Package xcolor Info: Model `HTML' substituted by `rgb' on input line 1366.
Package xcolor Info: Model `Hsb' substituted by `hsb' on input line 1367.
Package xcolor Info: Model `tHsb' substituted by `hsb' on input line 1368.
Package xcolor Info: Model `HSB' substituted by `hsb' on input line 1369.
Package xcolor Info: Model `Gray' substituted by `gray' on input line 1370.
Package xcolor Info: Model `wave' substituted by `hsb' on input line 1371.
)
("C:\Users\Achim.Ahrens\Miktex portable\texmfs\install\tex\generic\pgf\basiclay
er\pgfcore.code.tex"
Package: pgfcore 2010/04/11 v3.0.1a (rcs-revision 1.7)

("C:\Users\Achim.Ahrens\Miktex portable\texmfs\install\tex\generic\pgf\math\pgf
math.code.tex"
("C:\Users\Achim.Ahrens\Miktex portable\texmfs\install\tex\generic\pgf\math\pgf
mathcalc.code.tex"
("C:\Users\Achim.Ahrens\Miktex portable\texmfs\install\tex\generic\pgf\math\pgf
mathutil.code.tex")
("C:\Users\Achim.Ahrens\Miktex portable\texmfs\install\tex\generic\pgf\math\pgf
mathparser.code.tex"
\pgfmath@dimen=\dimen138
\pgfmath@count=\count114
\pgfmath@box=\box35
\pgfmath@toks=\toks23
\pgfmath@stack@operand=\toks24
\pgfmath@stack@operation=\toks25
)
("C:\Users\Achim.Ahrens\Miktex portable\texmfs\install\tex\generic\pgf\math\pgf
mathfunctions.code.tex"
("C:\Users\Achim.Ahrens\Miktex portable\texmfs\install\tex\generic\pgf\math\pgf
mathfunctions.basic.code.tex")
("C:\Users\Achim.Ahrens\Miktex portable\texmfs\install\tex\generic\pgf\math\pgf
mathfunctions.trigonometric.code.tex")
("C:\Users\Achim.Ahrens\Miktex portable\texmfs\install\tex\generic\pgf\math\pgf
mathfunctions.random.code.tex")
("C:\Users\Achim.Ahrens\Miktex portable\texmfs\install\tex\generic\pgf\math\pgf
mathfunctions.comparison.code.tex")
("C:\Users\Achim.Ahrens\Miktex portable\texmfs\install\tex\generic\pgf\math\pgf
mathfunctions.base.code.tex")
("C:\Users\Achim.Ahrens\Miktex portable\texmfs\install\tex\generic\pgf\math\pgf
mathfunctions.round.code.tex")
("C:\Users\Achim.Ahrens\Miktex portable\texmfs\install\tex\generic\pgf\math\pgf
mathfunctions.misc.code.tex")
("C:\Users\Achim.Ahrens\Miktex portable\texmfs\install\tex\generic\pgf\math\pgf
mathfunctions.integerarithmetics.code.tex")))
("C:\Users\Achim.Ahrens\Miktex portable\texmfs\install\tex\generic\pgf\math\pgf
mathfloat.code.tex"
\c@pgfmathroundto@lastzeros=\count115
))
("C:\Users\Achim.Ahrens\Miktex portable\texmfs\install\tex\generic\pgf\basiclay
er\pgfcorepoints.code.tex"
File: pgfcorepoints.code.tex 2013/10/07  (rcs-revision 1.27)
\pgf@picminx=\dimen139
\pgf@picmaxx=\dimen140
\pgf@picminy=\dimen141
\pgf@picmaxy=\dimen142
\pgf@pathminx=\dimen143
\pgf@pathmaxx=\dimen144
\pgf@pathminy=\dimen145
\pgf@pathmaxy=\dimen146
\pgf@xx=\dimen147
\pgf@xy=\dimen148
\pgf@yx=\dimen149
\pgf@yy=\dimen150
\pgf@zx=\dimen151
\pgf@zy=\dimen152
)
("C:\Users\Achim.Ahrens\Miktex portable\texmfs\install\tex\generic\pgf\basiclay
er\pgfcorepathconstruct.code.tex"
File: pgfcorepathconstruct.code.tex 2013/10/07  (rcs-revision 1.29)
\pgf@path@lastx=\dimen153
\pgf@path@lasty=\dimen154
)
("C:\Users\Achim.Ahrens\Miktex portable\texmfs\install\tex\generic\pgf\basiclay
er\pgfcorepathusage.code.tex"
File: pgfcorepathusage.code.tex 2014/11/02  (rcs-revision 1.24)
\pgf@shorten@end@additional=\dimen155
\pgf@shorten@start@additional=\dimen156
)
("C:\Users\Achim.Ahrens\Miktex portable\texmfs\install\tex\generic\pgf\basiclay
er\pgfcorescopes.code.tex"
File: pgfcorescopes.code.tex 2015/05/08  (rcs-revision 1.46)
\pgfpic=\box36
\pgf@hbox=\box37
\pgf@layerbox@main=\box38
\pgf@picture@serial@count=\count116
)
("C:\Users\Achim.Ahrens\Miktex portable\texmfs\install\tex\generic\pgf\basiclay
er\pgfcoregraphicstate.code.tex"
File: pgfcoregraphicstate.code.tex 2014/11/02  (rcs-revision 1.12)
\pgflinewidth=\dimen157
)
("C:\Users\Achim.Ahrens\Miktex portable\texmfs\install\tex\generic\pgf\basiclay
er\pgfcoretransformations.code.tex"
File: pgfcoretransformations.code.tex 2015/08/07  (rcs-revision 1.20)
\pgf@pt@x=\dimen158
\pgf@pt@y=\dimen159
\pgf@pt@temp=\dimen160
)
("C:\Users\Achim.Ahrens\Miktex portable\texmfs\install\tex\generic\pgf\basiclay
er\pgfcorequick.code.tex"
File: pgfcorequick.code.tex 2008/10/09  (rcs-revision 1.3)
)
("C:\Users\Achim.Ahrens\Miktex portable\texmfs\install\tex\generic\pgf\basiclay
er\pgfcoreobjects.code.tex"
File: pgfcoreobjects.code.tex 2006/10/11  (rcs-revision 1.2)
)
("C:\Users\Achim.Ahrens\Miktex portable\texmfs\install\tex\generic\pgf\basiclay
er\pgfcorepathprocessing.code.tex"
File: pgfcorepathprocessing.code.tex 2013/09/09  (rcs-revision 1.9)
)
("C:\Users\Achim.Ahrens\Miktex portable\texmfs\install\tex\generic\pgf\basiclay
er\pgfcorearrows.code.tex"
File: pgfcorearrows.code.tex 2015/05/14  (rcs-revision 1.43)
\pgfarrowsep=\dimen161
)
("C:\Users\Achim.Ahrens\Miktex portable\texmfs\install\tex\generic\pgf\basiclay
er\pgfcoreshade.code.tex"
File: pgfcoreshade.code.tex 2013/07/15  (rcs-revision 1.15)
\pgf@max=\dimen162
\pgf@sys@shading@range@num=\count117
)
("C:\Users\Achim.Ahrens\Miktex portable\texmfs\install\tex\generic\pgf\basiclay
er\pgfcoreimage.code.tex"
File: pgfcoreimage.code.tex 2013/07/15  (rcs-revision 1.18)

("C:\Users\Achim.Ahrens\Miktex portable\texmfs\install\tex\generic\pgf\basiclay
er\pgfcoreexternal.code.tex"
File: pgfcoreexternal.code.tex 2014/07/09  (rcs-revision 1.21)
\pgfexternal@startupbox=\box39
))
("C:\Users\Achim.Ahrens\Miktex portable\texmfs\install\tex\generic\pgf\basiclay
er\pgfcorelayers.code.tex"
File: pgfcorelayers.code.tex 2013/07/18  (rcs-revision 1.7)
)
("C:\Users\Achim.Ahrens\Miktex portable\texmfs\install\tex\generic\pgf\basiclay
er\pgfcoretransparency.code.tex"
File: pgfcoretransparency.code.tex 2013/09/30  (rcs-revision 1.5)
)
("C:\Users\Achim.Ahrens\Miktex portable\texmfs\install\tex\generic\pgf\basiclay
er\pgfcorepatterns.code.tex"
File: pgfcorepatterns.code.tex 2013/11/07  (rcs-revision 1.5)
)))
("C:\Users\Achim.Ahrens\Miktex portable\texmfs\install\tex\latex\pgf\utilities\
xxcolor.sty"
Package: xxcolor 2003/10/24 ver 0.1
\XC@nummixins=\count118
\XC@countmixins=\count119
)
("C:\Users\Achim.Ahrens\Miktex portable\texmfs\install\tex\generic\oberdiek\atb
egshi.sty"
Package: atbegshi 2016/06/09 v1.18 At begin shipout hook (HO)
)
("C:\Users\Achim.Ahrens\Miktex portable\texmfs\install\tex\latex\hyperref\hyper
ref.sty"
Package: hyperref 2017/03/14 v6.85a Hypertext links for LaTeX

("C:\Users\Achim.Ahrens\Miktex portable\texmfs\install\tex\generic\oberdiek\hob
sub-hyperref.sty"
Package: hobsub-hyperref 2016/05/16 v1.14 Bundle oberdiek, subset hyperref (HO)


("C:\Users\Achim.Ahrens\Miktex portable\texmfs\install\tex\generic\oberdiek\hob
sub-generic.sty"
Package: hobsub-generic 2016/05/16 v1.14 Bundle oberdiek, subset generic (HO)
Package: hobsub 2016/05/16 v1.14 Construct package bundles (HO)
Package hobsub Info: Skipping package `infwarerr' (already loaded).
Package hobsub Info: Skipping package `ltxcmds' (already loaded).
Package: ifluatex 2016/05/16 v1.4 Provides the ifluatex switch (HO)
Package ifluatex Info: LuaTeX not detected.
Package hobsub Info: Skipping package `ifvtex' (already loaded).
Package: intcalc 2016/05/16 v1.2 Expandable calculations with integers (HO)
Package hobsub Info: Skipping package `ifpdf' (already loaded).
Package: etexcmds 2016/05/16 v1.6 Avoid name clashes with e-TeX commands (HO)
Package etexcmds Info: Could not find \expanded.
(etexcmds)             That can mean that you are not using pdfTeX 1.50 or
(etexcmds)             that some package has redefined \expanded.
(etexcmds)             In the latter case, load this package earlier.
Package: kvsetkeys 2016/05/16 v1.17 Key value parser (HO)
Package: kvdefinekeys 2016/05/16 v1.4 Define keys (HO)
Package: pdftexcmds 2017/03/19 v0.25 Utility functions of pdfTeX for LuaTeX (HO
)
Package pdftexcmds Info: LuaTeX not detected.
Package pdftexcmds Info: \pdf@primitive is available.
Package pdftexcmds Info: \pdf@ifprimitive is available.
Package pdftexcmds Info: \pdfdraftmode found.
Package: pdfescape 2016/05/16 v1.14 Implements pdfTeX's escape features (HO)
Package: bigintcalc 2016/05/16 v1.4 Expandable calculations on big integers (HO
)
Package: bitset 2016/05/16 v1.2 Handle bit-vector datatype (HO)
Package: uniquecounter 2016/05/16 v1.3 Provide unlimited unique counter (HO)
)
Package hobsub Info: Skipping package `hobsub' (already loaded).
Package: letltxmacro 2016/05/16 v1.5 Let assignment for LaTeX macros (HO)
Package: hopatch 2016/05/16 v1.3 Wrapper for package hooks (HO)
Package: xcolor-patch 2016/05/16 xcolor patch
Package: atveryend 2016/05/16 v1.9 Hooks at the very end of document (HO)
Package hobsub Info: Skipping package `atbegshi' (already loaded).
Package: refcount 2016/05/16 v3.5 Data extraction from label references (HO)
Package: hycolor 2016/05/16 v1.8 Color options for hyperref/bookmark (HO)
)
("C:\Users\Achim.Ahrens\Miktex portable\texmfs\install\tex\latex\oberdiek\auxho
ok.sty"
Package: auxhook 2016/05/16 v1.4 Hooks for auxiliary files (HO)
)
("C:\Users\Achim.Ahrens\Miktex portable\texmfs\install\tex\latex\oberdiek\kvopt
ions.sty"
Package: kvoptions 2016/05/16 v3.12 Key value format for package options (HO)
)
\@linkdim=\dimen163
\Hy@linkcounter=\count120
\Hy@pagecounter=\count121

("C:\Users\Achim.Ahrens\Miktex portable\texmfs\install\tex\latex\hyperref\pd1en
c.def"
File: pd1enc.def 2017/03/14 v6.85a Hyperref: PDFDocEncoding definition (HO)
)
\Hy@SavedSpaceFactor=\count122

("C:\Users\Achim.Ahrens\Miktex portable\texmfs\install\tex\latex\00miktex\hyper
ref.cfg"
File: hyperref.cfg 2002/06/06 v1.2 hyperref configuration of TeXLive
)
Package hyperref Info: Option `bookmarks' set `true' on input line 4374.
Package hyperref Info: Option `bookmarksopen' set `true' on input line 4374.
Package hyperref Info: Option `implicit' set `false' on input line 4374.
Package hyperref Info: Hyper figures OFF on input line 4498.
Package hyperref Info: Link nesting OFF on input line 4503.
Package hyperref Info: Hyper index ON on input line 4506.
Package hyperref Info: Plain pages OFF on input line 4513.
Package hyperref Info: Backreferencing OFF on input line 4518.
Package hyperref Info: Implicit mode OFF; no redefinition of LaTeX internals.
Package hyperref Info: Bookmarks ON on input line 4751.
\c@Hy@tempcnt=\count123

("C:\Users\Achim.Ahrens\Miktex portable\texmfs\install\tex\latex\url\url.sty"
\Urlmuskip=\muskip10
Package: url 2013/09/16  ver 3.4  Verb mode for urls, etc.
)
LaTeX Info: Redefining \url on input line 5104.
\XeTeXLinkMargin=\dimen164
\Fld@menulength=\count124
\Field@Width=\dimen165
\Fld@charsize=\dimen166
Package hyperref Info: Hyper figures OFF on input line 6358.
Package hyperref Info: Link nesting OFF on input line 6363.
Package hyperref Info: Hyper index ON on input line 6366.
Package hyperref Info: backreferencing OFF on input line 6373.
Package hyperref Info: Link coloring OFF on input line 6378.
Package hyperref Info: Link coloring with OCG OFF on input line 6383.
Package hyperref Info: PDF/A mode OFF on input line 6388.
LaTeX Info: Redefining \ref on input line 6428.
LaTeX Info: Redefining \pageref on input line 6432.
\Hy@abspage=\count125


Package hyperref Message: Stopped early.

)

Package hyperref Message: Driver (autodetected): hpdftex.


("C:\Users\Achim.Ahrens\Miktex portable\texmfs\install\tex\latex\hyperref\hpdft
ex.def"
File: hpdftex.def 2017/03/14 v6.85a Hyperref driver for pdfTeX
\Fld@listcount=\count126
\c@bookmark@seq@number=\count127

("C:\Users\Achim.Ahrens\Miktex portable\texmfs\install\tex\latex\oberdiek\rerun
filecheck.sty"
Package: rerunfilecheck 2016/05/16 v1.8 Rerun checks for auxiliary files (HO)
Package uniquecounter Info: New unique counter `rerunfilecheck' on input line 2
82.
))
("C:\Users\Achim.Ahrens\Miktex portable\texmfs\install\tex\latex\beamer\beamerb
aserequires.sty"
("C:\Users\Achim.Ahrens\Miktex portable\texmfs\install\tex\latex\beamer\beamerb
asecompatibility.sty")
("C:\Users\Achim.Ahrens\Miktex portable\texmfs\install\tex\latex\beamer\beamerb
asefont.sty"
("C:\Users\Achim.Ahrens\Miktex portable\texmfs\install\tex\latex\amsfonts\amssy
mb.sty"
Package: amssymb 2013/01/14 v3.01 AMS font symbols

("C:\Users\Achim.Ahrens\Miktex portable\texmfs\install\tex\latex\amsfonts\amsfo
nts.sty"
Package: amsfonts 2013/01/14 v3.01 Basic AMSFonts support
\@emptytoks=\toks26
\symAMSa=\mathgroup4
\symAMSb=\mathgroup5
LaTeX Font Info:    Overwriting math alphabet `\mathfrak' in version `bold'
(Font)                  U/euf/m/n --> U/euf/b/n on input line 106.
))
("C:\Users\Achim.Ahrens\Miktex portable\texmfs\install\tex\latex\sansmathaccent
\sansmathaccent.sty"
Package: sansmathaccent 2013/03/28

("C:\Users\Achim.Ahrens\Miktex portable\texmfs\install\tex\latex\filehook\fileh
ook.sty"
Package: filehook 2011/10/12 v0.5d Hooks for input files
)))
("C:\Users\Achim.Ahrens\Miktex portable\texmfs\install\tex\latex\beamer\beamerb
asetranslator.sty"
("C:\Users\Achim.Ahrens\Miktex portable\texmfs\install\tex\latex\beamer\transla
tor\translator.sty"
Package: translator 2010/06/12 ver 1.10

("C:\Users\Achim.Ahrens\Miktex portable\texmfs\install\tex\latex\beamer\transla
tor\translator-language-mappings.tex")))
("C:\Users\Achim.Ahrens\Miktex portable\texmfs\install\tex\latex\beamer\beamerb
asemisc.sty")
("C:\Users\Achim.Ahrens\Miktex portable\texmfs\install\tex\latex\beamer\beamerb
asetwoscreens.sty")
("C:\Users\Achim.Ahrens\Miktex portable\texmfs\install\tex\latex\beamer\beamerb
aseoverlay.sty"
\beamer@argscount=\count128
\beamer@lastskipcover=\skip44
\beamer@trivlistdepth=\count129
)
("C:\Users\Achim.Ahrens\Miktex portable\texmfs\install\tex\latex\beamer\beamerb
asetitle.sty")
("C:\Users\Achim.Ahrens\Miktex portable\texmfs\install\tex\latex\beamer\beamerb
asesection.sty"
\c@lecture=\count130
\c@part=\count131
\c@section=\count132
\c@subsection=\count133
\c@subsubsection=\count134
)
("C:\Users\Achim.Ahrens\Miktex portable\texmfs\install\tex\latex\beamer\beamerb
aseframe.sty"
\beamer@framebox=\box40
\beamer@frametitlebox=\box41
\beamer@zoombox=\box42
\beamer@zoomcount=\count135
\beamer@zoomframecount=\count136
\beamer@frametextheight=\dimen167
\c@subsectionslide=\count137
\beamer@frametopskip=\skip45
\beamer@framebottomskip=\skip46
\beamer@frametopskipautobreak=\skip47
\beamer@framebottomskipautobreak=\skip48
\beamer@envbody=\toks27
\framewidth=\dimen168
\c@framenumber=\count138
)
("C:\Users\Achim.Ahrens\Miktex portable\texmfs\install\tex\latex\beamer\beamerb
aseverbatim.sty"
\beamer@verbatimfileout=\write4
)
("C:\Users\Achim.Ahrens\Miktex portable\texmfs\install\tex\latex\beamer\beamerb
aseframesize.sty"
\beamer@splitbox=\box43
\beamer@autobreakcount=\count139
\beamer@autobreaklastheight=\dimen169
\beamer@frametitletoks=\toks28
\beamer@framesubtitletoks=\toks29
)
("C:\Users\Achim.Ahrens\Miktex portable\texmfs\install\tex\latex\beamer\beamerb
aseframecomponents.sty"
\beamer@footins=\box44
)
("C:\Users\Achim.Ahrens\Miktex portable\texmfs\install\tex\latex\beamer\beamerb
asecolor.sty"
\beamer@bg@ht=\dimen170
\beamer@bg@wd=\dimen171
\beamer@bg@dp=\dimen172
)
("C:\Users\Achim.Ahrens\Miktex portable\texmfs\install\tex\latex\beamer\beamerb
asenotes.sty"
\beamer@frameboxcopy=\box45
)
("C:\Users\Achim.Ahrens\Miktex portable\texmfs\install\tex\latex\beamer\beamerb
asetoc.sty")
("C:\Users\Achim.Ahrens\Miktex portable\texmfs\install\tex\latex\beamer\beamerb
asetemplates.sty"
\beamer@sbttoks=\toks30

("C:\Users\Achim.Ahrens\Miktex portable\texmfs\install\tex\latex\beamer\beamerb
aseauxtemplates.sty"
("C:\Users\Achim.Ahrens\Miktex portable\texmfs\install\tex\latex\beamer\beamerb
aseboxes.sty"
\bmb@box=\box46
\bmb@colorbox=\box47
\bmb@boxshadow=\box48
\bmb@boxshadowball=\box49
\bmb@boxshadowballlarge=\box50
\bmb@temp=\dimen173
\bmb@dima=\dimen174
\bmb@dimb=\dimen175
\bmb@prevheight=\dimen176
)
\beamer@blockheadheight=\dimen177
))
("C:\Users\Achim.Ahrens\Miktex portable\texmfs\install\tex\latex\beamer\beamerb
aselocalstructure.sty"
("C:\Users\Achim.Ahrens\Miktex portable\texmfs\install\tex\latex\tools\enumerat
e.sty"
Package: enumerate 2015/07/23 v3.00 enumerate extensions (DPC)
\@enLab=\toks31
)
\c@figure=\count140
\c@table=\count141
\abovecaptionskip=\skip49
\belowcaptionskip=\skip50
)
("C:\Users\Achim.Ahrens\Miktex portable\texmfs\install\tex\latex\beamer\beamerb
asenavigation.sty"
\beamer@section@min@dim=\dimen178
)
("C:\Users\Achim.Ahrens\Miktex portable\texmfs\install\tex\latex\beamer\beamerb
asetheorems.sty"
("C:\Users\Achim.Ahrens\Miktex portable\texmfs\install\tex\latex\amsmath\amsmat
h.sty"
Package: amsmath 2016/11/05 v2.16a AMS math features
\@mathmargin=\skip51

For additional information on amsmath, use the `?' option.

("C:\Users\Achim.Ahrens\Miktex portable\texmfs\install\tex\latex\amsmath\amstex
t.sty"
Package: amstext 2000/06/29 v2.01 AMS text

("C:\Users\Achim.Ahrens\Miktex portable\texmfs\install\tex\latex\amsmath\amsgen
.sty"
File: amsgen.sty 1999/11/30 v2.0 generic functions
\@emptytoks=\toks32
\ex@=\dimen179
))
("C:\Users\Achim.Ahrens\Miktex portable\texmfs\install\tex\latex\amsmath\amsbsy
.sty"
Package: amsbsy 1999/11/29 v1.2d Bold Symbols
\pmbraise@=\dimen180
)
("C:\Users\Achim.Ahrens\Miktex portable\texmfs\install\tex\latex\amsmath\amsopn
.sty"
Package: amsopn 2016/03/08 v2.02 operator names
)
\inf@bad=\count142
LaTeX Info: Redefining \frac on input line 213.
\uproot@=\count143
\leftroot@=\count144
LaTeX Info: Redefining \overline on input line 375.
\classnum@=\count145
\DOTSCASE@=\count146
LaTeX Info: Redefining \ldots on input line 472.
LaTeX Info: Redefining \dots on input line 475.
LaTeX Info: Redefining \cdots on input line 596.
\Mathstrutbox@=\box51
\strutbox@=\box52
\big@size=\dimen181
LaTeX Font Info:    Redeclaring font encoding OML on input line 712.
LaTeX Font Info:    Redeclaring font encoding OMS on input line 713.
\macc@depth=\count147
\c@MaxMatrixCols=\count148
\dotsspace@=\muskip11
\c@parentequation=\count149
\dspbrk@lvl=\count150
\tag@help=\toks33
\row@=\count151
\column@=\count152
\maxfields@=\count153
\andhelp@=\toks34
\eqnshift@=\dimen182
\alignsep@=\dimen183
\tagshift@=\dimen184
\tagwidth@=\dimen185
\totwidth@=\dimen186
\lineht@=\dimen187
\@envbody=\toks35
\multlinegap=\skip52
\multlinetaggap=\skip53
\mathdisplay@stack=\toks36
LaTeX Info: Redefining \[ on input line 2817.
LaTeX Info: Redefining \] on input line 2818.
)
("C:\Users\Achim.Ahrens\Miktex portable\texmfs\install\tex\latex\amscls\amsthm.
sty"
Package: amsthm 2015/03/04 v2.20.2
\thm@style=\toks37
\thm@bodyfont=\toks38
\thm@headfont=\toks39
\thm@notefont=\toks40
\thm@headpunct=\toks41
\thm@preskip=\skip54
\thm@postskip=\skip55
\thm@headsep=\skip56
\dth@everypar=\toks42
)
\c@theorem=\count154
)
("C:\Users\Achim.Ahrens\Miktex portable\texmfs\install\tex\latex\beamer\beamerb
asethemes.sty"))
("C:\Users\Achim.Ahrens\Miktex portable\texmfs\install\tex\latex\beamer\themes\
theme\beamerthemedefault.sty"
("C:\Users\Achim.Ahrens\Miktex portable\texmfs\install\tex\latex\beamer\themes\
font\beamerfontthemedefault.sty")
("C:\Users\Achim.Ahrens\Miktex portable\texmfs\install\tex\latex\beamer\themes\
color\beamercolorthemedefault.sty")
("C:\Users\Achim.Ahrens\Miktex portable\texmfs\install\tex\latex\beamer\themes\
inner\beamerinnerthemedefault.sty"
\beamer@dima=\dimen188
\beamer@dimb=\dimen189
)
("C:\Users\Achim.Ahrens\Miktex portable\texmfs\install\tex\latex\beamer\themes\
outer\beamerouterthemedefault.sty")))
("C:\Users\Achim.Ahrens\Miktex portable\texmfs\install\tex\latex\base\inputenc.
sty"
Package: inputenc 2015/03/17 v1.2c Input encoding file
\inpenc@prehook=\toks43
\inpenc@posthook=\toks44

("C:\Users\Achim.Ahrens\Miktex portable\texmfs\install\tex\latex\base\latin1.de
f"
File: latin1.def 2015/03/17 v1.2c Input encoding file
))
("C:\Users\Achim.Ahrens\Miktex portable\texmfs\install\tex\latex\base\fontenc.s
ty"
Package: fontenc 2017/04/05 v2.0i Standard LaTeX package

("C:\Users\Achim.Ahrens\Miktex portable\texmfs\install\tex\latex\base\t1enc.def
"
File: t1enc.def 2017/04/05 v2.0i Standard LaTeX file
LaTeX Font Info:    Redeclaring font encoding T1 on input line 48.
))
("C:\Users\Achim.Ahrens\Miktex portable\texmfs\install\tex\generic\babel\babel.
sty"
Package: babel 2017/05/19 3.10 The Babel package

*************************************
* Local config file bblopts.cfg used
*

("C:\Users\Achim.Ahrens\Miktex portable\texmfs\install\tex\latex\arabi\bblopts.
cfg"
File: bblopts.cfg 2005/09/08 v0.1 add Arabic and Farsi to "declared" options of
 babel
)
("C:\Users\Achim.Ahrens\Miktex portable\texmfs\install\tex\latex\babel-english\
english.ldf"
Language: english 2017/01/24 v3.3q English support from the babel system

("C:\Users\Achim.Ahrens\Miktex portable\texmfs\install\tex\generic\babel\babel.
def"
File: babel.def 2017/05/19 3.10 Babel common definitions
\babel@savecnt=\count155
\U@D=\dimen190
LaTeX Info: Redefining \textlatin on input line 1648.
)
\l@british = a dialect from \language\l@english 
\l@UKenglish = a dialect from \language\l@english 
\l@american = a dialect from \language\l@english 
\l@canadian = a dialect from \language\l@american 
\l@australian = a dialect from \language\l@british 
\l@newzealand = a dialect from \language\l@british 
))
("C:\Users\Achim.Ahrens\Miktex portable\texmfs\install\tex\latex\lm\lmodern.sty
"
Package: lmodern 2009/10/30 v1.6 Latin Modern Fonts
LaTeX Font Info:    Overwriting symbol font `operators' in version `normal'
(Font)                  OT1/cmr/m/n --> OT1/lmr/m/n on input line 22.
LaTeX Font Info:    Overwriting symbol font `letters' in version `normal'
(Font)                  OML/cmm/m/it --> OML/lmm/m/it on input line 23.
LaTeX Font Info:    Overwriting symbol font `symbols' in version `normal'
(Font)                  OMS/cmsy/m/n --> OMS/lmsy/m/n on input line 24.
LaTeX Font Info:    Overwriting symbol font `largesymbols' in version `normal'
(Font)                  OMX/cmex/m/n --> OMX/lmex/m/n on input line 25.
LaTeX Font Info:    Overwriting symbol font `operators' in version `bold'
(Font)                  OT1/cmr/bx/n --> OT1/lmr/bx/n on input line 26.
LaTeX Font Info:    Overwriting symbol font `letters' in version `bold'
(Font)                  OML/cmm/b/it --> OML/lmm/b/it on input line 27.
LaTeX Font Info:    Overwriting symbol font `symbols' in version `bold'
(Font)                  OMS/cmsy/b/n --> OMS/lmsy/b/n on input line 28.
LaTeX Font Info:    Overwriting symbol font `largesymbols' in version `bold'
(Font)                  OMX/cmex/m/n --> OMX/lmex/m/n on input line 29.
LaTeX Font Info:    Overwriting math alphabet `\mathbf' in version `normal'
(Font)                  OT1/cmr/bx/n --> OT1/lmr/bx/n on input line 31.
LaTeX Font Info:    Overwriting math alphabet `\mathsf' in version `normal'
(Font)                  OT1/cmss/m/n --> OT1/lmss/m/n on input line 32.
LaTeX Font Info:    Overwriting math alphabet `\mathit' in version `normal'
(Font)                  OT1/cmr/m/it --> OT1/lmr/m/it on input line 33.
LaTeX Font Info:    Overwriting math alphabet `\mathtt' in version `normal'
(Font)                  OT1/cmtt/m/n --> OT1/lmtt/m/n on input line 34.
LaTeX Font Info:    Overwriting math alphabet `\mathbf' in version `bold'
(Font)                  OT1/cmr/bx/n --> OT1/lmr/bx/n on input line 35.
LaTeX Font Info:    Overwriting math alphabet `\mathsf' in version `bold'
(Font)                  OT1/cmss/bx/n --> OT1/lmss/bx/n on input line 36.
LaTeX Font Info:    Overwriting math alphabet `\mathit' in version `bold'
(Font)                  OT1/cmr/bx/it --> OT1/lmr/bx/it on input line 37.
LaTeX Font Info:    Overwriting math alphabet `\mathtt' in version `bold'
(Font)                  OT1/cmtt/m/n --> OT1/lmtt/m/n on input line 38.
) ("C:\Users\Achim.Ahrens\Miktex portable\texmfs\install\tex\latex\bbm\bbm.sty"
Package: bbm 1999/03/15 V 1.2 provides fonts for set symbols - TH
LaTeX Font Info:    Overwriting math alphabet `\mathbbm' in version `bold'
(Font)                  U/bbm/m/n --> U/bbm/bx/n on input line 33.
LaTeX Font Info:    Overwriting math alphabet `\mathbbmss' in version `bold'
(Font)                  U/bbmss/m/n --> U/bbmss/bx/n on input line 35.
)
("C:\Users\Achim.Ahrens\Miktex portable\texmfs\install\tex\latex\oberdiek\epsto
pdf.sty"
Package: epstopdf 2016/05/15 v2.6 Conversion with epstopdf on the fly (HO)

("C:\Users\Achim.Ahrens\Miktex portable\texmfs\install\tex\latex\oberdiek\epsto
pdf-base.sty"
Package: epstopdf-base 2016/05/15 v2.6 Base part for package epstopdf

("C:\Users\Achim.Ahrens\Miktex portable\texmfs\install\tex\latex\oberdiek\grfex
t.sty"
Package: grfext 2016/05/16 v1.2 Manage graphics extensions (HO)
)
Package epstopdf-base Info: Redefining graphics rule for `.eps' on input line 4
38.
Package grfext Info: Graphics extension search list:
(grfext)             [.png,.pdf,.jpg,.mps,.jpeg,.jbig2,.jb2,.PNG,.PDF,.JPG,.JPE
G,.JBIG2,.JB2,.eps]
(grfext)             \AppendGraphicsExtensions on input line 456.
))
("C:\Users\Achim.Ahrens\Miktex portable\texmfs\install\tex\latex\natbib\natbib.
sty"
Package: natbib 2010/09/13 8.31b (PWD, AO)
\bibhang=\skip57
\bibsep=\skip58
LaTeX Info: Redefining \cite on input line 694.
\c@NAT@ctr=\count156
)
("C:\Users\Achim.Ahrens\Miktex portable\texmfs\install\tex\latex\csquotes\csquo
tes.sty"
Package: csquotes 2017/03/11 v5.2b context-sensitive quotations (JAW)
\csq@reset=\count157
\csq@gtype=\count158
\csq@glevel=\count159
\csq@qlevel=\count160
\csq@maxlvl=\count161
\csq@tshold=\count162
\csq@ltx@everypar=\toks45

("C:\Users\Achim.Ahrens\Miktex portable\texmfs\install\tex\latex\csquotes\csquo
tes.def"
File: csquotes.def 2017/03/11 v5.2b csquotes generic definitions (JAW)
)
Package csquotes Info: Trying to load configuration file 'csquotes.cfg'...
Package csquotes Info: ... configuration file loaded successfully.

("C:\Users\Achim.Ahrens\Miktex portable\texmfs\install\tex\latex\csquotes\csquo
tes.cfg"
File: csquotes.cfg 
))
("C:\Users\Achim.Ahrens\Miktex portable\texmfs\install\tex\latex\graphics\rotat
ing.sty"
Package: rotating 2016/08/11 v2.16d rotated objects in LaTeX

("C:\Users\Achim.Ahrens\Miktex portable\texmfs\install\tex\latex\base\ifthen.st
y"
Package: ifthen 2014/09/29 v1.1c Standard LaTeX ifthen package (DPC)
)
\c@r@tfl@t=\count163
\rotFPtop=\skip59
\rotFPbot=\skip60
\rot@float@box=\box53
\rot@mess@toks=\toks46
)
("C:\Users\Achim.Ahrens\Miktex portable\texmfs\install\tex\latex\tools\tabularx
.sty"
Package: tabularx 2016/02/03 v2.11 `tabularx' package (DPC)

("C:\Users\Achim.Ahrens\Miktex portable\texmfs\install\tex\latex\tools\array.st
y"
Package: array 2016/10/06 v2.4d Tabular extension package (FMi)
\col@sep=\dimen191
\extrarowheight=\dimen192
\NC@list=\toks47
\extratabsurround=\skip61
\backup@length=\skip62
)
\TX@col@width=\dimen193
\TX@old@table=\dimen194
\TX@old@col=\dimen195
\TX@target=\dimen196
\TX@delta=\dimen197
\TX@cols=\count164
\TX@ftn=\toks48
)
("C:\Users\Achim.Ahrens\Miktex portable\texmfs\install\tex\latex\tools\xspace.s
ty"
Package: xspace 2014/10/28 v1.13 Space after command names (DPC,MH)
)
("C:\Users\Achim.Ahrens\Miktex portable\texmfs\install\tex\latex\pgf\frontendla
yer\tikz.sty"
("C:\Users\Achim.Ahrens\Miktex portable\texmfs\install\tex\latex\pgf\basiclayer
\pgf.sty"
Package: pgf 2015/08/07 v3.0.1a (rcs-revision 1.15)

("C:\Users\Achim.Ahrens\Miktex portable\texmfs\install\tex\generic\pgf\modules\
pgfmoduleshapes.code.tex"
File: pgfmoduleshapes.code.tex 2014/03/21  (rcs-revision 1.35)
\pgfnodeparttextbox=\box54
)
("C:\Users\Achim.Ahrens\Miktex portable\texmfs\install\tex\generic\pgf\modules\
pgfmoduleplot.code.tex"
File: pgfmoduleplot.code.tex 2015/08/03  (rcs-revision 1.13)
)
("C:\Users\Achim.Ahrens\Miktex portable\texmfs\install\tex\latex\pgf\compatibil
ity\pgfcomp-version-0-65.sty"
Package: pgfcomp-version-0-65 2007/07/03 v3.0.1a (rcs-revision 1.7)
\pgf@nodesepstart=\dimen198
\pgf@nodesepend=\dimen199
)
("C:\Users\Achim.Ahrens\Miktex portable\texmfs\install\tex\latex\pgf\compatibil
ity\pgfcomp-version-1-18.sty"
Package: pgfcomp-version-1-18 2007/07/23 v3.0.1a (rcs-revision 1.1)
))
("C:\Users\Achim.Ahrens\Miktex portable\texmfs\install\tex\latex\pgf\utilities\
pgffor.sty"
("C:\Users\Achim.Ahrens\Miktex portable\texmfs\install\tex\latex\pgf\utilities\
pgfkeys.sty"
("C:\Users\Achim.Ahrens\Miktex portable\texmfs\install\tex\generic\pgf\utilitie
s\pgfkeys.code.tex"))
("C:\Users\Achim.Ahrens\Miktex portable\texmfs\install\tex\latex\pgf\math\pgfma
th.sty"
("C:\Users\Achim.Ahrens\Miktex portable\texmfs\install\tex\generic\pgf\math\pgf
math.code.tex"))
("C:\Users\Achim.Ahrens\Miktex portable\texmfs\install\tex\generic\pgf\utilitie
s\pgffor.code.tex"
Package: pgffor 2013/12/13 v3.0.1a (rcs-revision 1.25)

("C:\Users\Achim.Ahrens\Miktex portable\texmfs\install\tex\generic\pgf\math\pgf
math.code.tex")
\pgffor@iter=\dimen256
\pgffor@skip=\dimen257
\pgffor@stack=\toks49
\pgffor@toks=\toks50
))
("C:\Users\Achim.Ahrens\Miktex portable\texmfs\install\tex\generic\pgf\frontend
layer\tikz\tikz.code.tex"
Package: tikz 2015/08/07 v3.0.1a (rcs-revision 1.151)

("C:\Users\Achim.Ahrens\Miktex portable\texmfs\install\tex\generic\pgf\librarie
s\pgflibraryplothandlers.code.tex"
File: pgflibraryplothandlers.code.tex 2013/08/31 v3.0.1a (rcs-revision 1.20)
\pgf@plot@mark@count=\count165
\pgfplotmarksize=\dimen258
)
\tikz@lastx=\dimen259
\tikz@lasty=\dimen260
\tikz@lastxsaved=\dimen261
\tikz@lastysaved=\dimen262
\tikzleveldistance=\dimen263
\tikzsiblingdistance=\dimen264
\tikz@figbox=\box55
\tikz@figbox@bg=\box56
\tikz@tempbox=\box57
\tikz@tempbox@bg=\box58
\tikztreelevel=\count166
\tikznumberofchildren=\count167
\tikznumberofcurrentchild=\count168
\tikz@fig@count=\count169

("C:\Users\Achim.Ahrens\Miktex portable\texmfs\install\tex\generic\pgf\modules\
pgfmodulematrix.code.tex"
File: pgfmodulematrix.code.tex 2013/09/17  (rcs-revision 1.8)
\pgfmatrixcurrentrow=\count170
\pgfmatrixcurrentcolumn=\count171
\pgf@matrix@numberofcolumns=\count172
)
\tikz@expandcount=\count173

("C:\Users\Achim.Ahrens\Miktex portable\texmfs\install\tex\generic\pgf\frontend
layer\tikz\libraries\tikzlibrarytopaths.code.tex"
File: tikzlibrarytopaths.code.tex 2008/06/17 v3.0.1a (rcs-revision 1.2)
)))
("C:\Users\Achim.Ahrens\Miktex portable\texmfs\install\tex\latex\multirow\multi
row.sty"
Package: multirow 2016/11/25 v2.2 Span multiple rows of a table
\multirow@colwidth=\skip63
\multirow@cntb=\count174
\multirow@dima=\skip64
\bigstrutjot=\dimen265
)
("C:\Users\Achim.Ahrens\Miktex portable\texmfs\install\tex\latex\colortbl\color
tbl.sty"
Package: colortbl 2012/02/13 v1.0a Color table columns (DPC)
\everycr=\toks51
\minrowclearance=\skip65
)
("C:\Users\Achim.Ahrens\Miktex portable\texmfs\install\tex\latex\ulem\ulem.sty"
\UL@box=\box59
\UL@hyphenbox=\box60
\UL@skip=\skip66
\UL@hook=\toks52
\UL@height=\dimen266
\UL@pe=\count175
\UL@pixel=\dimen267
\ULC@box=\box61
Package: ulem 2012/05/18
\ULdepth=\dimen268
)
("C:\Users\Achim.Ahrens\Miktex portable\texmfs\install\tex\latex\caption\captio
n.sty"
Package: caption 2016/02/21 v3.3-144 Customizing captions (AR)

("C:\Users\Achim.Ahrens\Miktex portable\texmfs\install\tex\latex\caption\captio
n3.sty"
Package: caption3 2016/05/22 v1.7-166 caption3 kernel (AR)
Package caption3 Info: TeX engine: e-TeX on input line 67.
\captionmargin=\dimen269
\captionmargin@=\dimen270
\captionwidth=\dimen271
\caption@tempdima=\dimen272
\caption@indent=\dimen273
\caption@parindent=\dimen274
\caption@hangindent=\dimen275
)
\c@ContinuedFloat=\count176
Package caption Info: beamer document class.
Package caption Info: hyperref package is loaded.
Package caption Info: Hyperref support is turned off
(caption)             because hyperref has stopped early.
Package caption Info: rotating package is loaded.
)
\sympureletters=\mathgroup6
LaTeX Font Info:    Overwriting symbol font `pureletters' in version `bold'
(Font)                  OT1/mathkerncmss/m/sl --> OT1/mathkerncmss/bx/sl on inp
ut line 30.

("C:\Users\Achim.Ahrens\Miktex portable\texmfs\install\tex\latex\tools\bm.sty"
Package: bm 2017/01/16 v1.2c Bold Symbol Support (DPC/FMi)
\symboldoperators=\mathgroup7
\symboldletters=\mathgroup8
\symboldsymbols=\mathgroup9
\symboldpureletters=\mathgroup10
LaTeX Font Info:    Redeclaring math alphabet \mathbf on input line 141.
LaTeX Info: Redefining \bm on input line 207.
)
("C:\Users\Achim.Ahrens\Miktex portable\texmfs\install\tex\generic\genmisc\kbor
dermatrix.sty"
Package: kbordermatrix 2011/09/21 Bordered matrix with brackets
\kbcolsep=\skip67
\kbrowsep=\skip68
\br@kwd=\skip69
\k@bordht=\skip70
)
("C:\Users\Achim.Ahrens\Miktex portable\texmfs\install\tex\latex\beamer\themes\
color\beamercolorthemeseagull.sty")
("C:\Users\Achim.Ahrens\Miktex portable\texmfs\install\tex\latex\beamer\themes\
font\beamerfontthemeserif.sty")
Package csquotes Info: Checking for multilingual support...
Package csquotes Info: ... found 'babel' package.
Package csquotes Info: Adjusting default style.
Package csquotes Info: Redefining alias 'default' -> 'english'.
 (Results_mc6.aux)
\openout1 = `Results_mc6.aux'.

LaTeX Font Info:    Checking defaults for OML/cmm/m/it on input line 58.
LaTeX Font Info:    ... okay on input line 58.
LaTeX Font Info:    Checking defaults for T1/cmr/m/n on input line 58.
LaTeX Font Info:    ... okay on input line 58.
LaTeX Font Info:    Checking defaults for OT1/cmr/m/n on input line 58.
LaTeX Font Info:    ... okay on input line 58.
LaTeX Font Info:    Checking defaults for OMS/cmsy/m/n on input line 58.
LaTeX Font Info:    ... okay on input line 58.
LaTeX Font Info:    Checking defaults for OMX/cmex/m/n on input line 58.
LaTeX Font Info:    ... okay on input line 58.
LaTeX Font Info:    Checking defaults for U/cmr/m/n on input line 58.
LaTeX Font Info:    ... okay on input line 58.
LaTeX Font Info:    Checking defaults for PD1/pdf/m/n on input line 58.
LaTeX Font Info:    ... okay on input line 58.
LaTeX Font Info:    Try loading font information for T1+lmr on input line 58.

("C:\Users\Achim.Ahrens\Miktex portable\texmfs\install\tex\latex\lm\t1lmr.fd"
File: t1lmr.fd 2009/10/30 v1.6 Font defs for Latin Modern
)
*geometry* driver: auto-detecting
*geometry* detected driver: pdftex
*geometry* verbose mode - [ preamble ] result:
* driver: pdftex
* paper: custom
* layout: <same size as paper>
* layoutoffset:(h,v)=(0.0pt,0.0pt)
* modes: includehead includefoot 
* h-part:(L,W,R)=(28.45274pt, 307.28987pt, 28.45274pt)
* v-part:(T,H,B)=(0.0pt, 273.14662pt, 0.0pt)
* \paperwidth=364.19536pt
* \paperheight=273.14662pt
* \textwidth=307.28987pt
* \textheight=244.6939pt
* \oddsidemargin=-43.81725pt
* \evensidemargin=-43.81725pt
* \topmargin=-72.26999pt
* \headheight=14.22636pt
* \headsep=0.0pt
* \topskip=11.0pt
* \footskip=14.22636pt
* \marginparwidth=4.0pt
* \marginparsep=10.0pt
* \columnsep=10.0pt
* \skip\footins=10.0pt plus 4.0pt minus 2.0pt
* \hoffset=0.0pt
* \voffset=0.0pt
* \mag=1000
* \@twocolumnfalse
* \@twosidefalse
* \@mparswitchfalse
* \@reversemarginfalse
* (1in=72.27pt=25.4mm, 1cm=28.453pt)


("C:\Users\Achim.Ahrens\Miktex portable\texmfs\install\tex\context\base\supp-pd
f.mkii"
[Loading MPS to PDF converter (version 2006.09.02).]
\scratchcounter=\count177
\scratchdimen=\dimen276
\scratchbox=\box62
\nofMPsegments=\count178
\nofMParguments=\count179
\everyMPshowfont=\toks53
\MPscratchCnt=\count180
\MPscratchDim=\dimen277
\MPnumerator=\count181
\makeMPintoPDFobject=\count182
\everyMPtoPDFconversion=\toks54
) ABD: EveryShipout initializing macros
\AtBeginShipoutBox=\box63
Package hyperref Info: Link coloring OFF on input line 58.

("C:\Users\Achim.Ahrens\Miktex portable\texmfs\install\tex\latex\hyperref\namer
ef.sty"
Package: nameref 2016/05/21 v2.44 Cross-referencing by name of section

("C:\Users\Achim.Ahrens\Miktex portable\texmfs\install\tex\generic\oberdiek\get
titlestring.sty"
Package: gettitlestring 2016/05/16 v1.5 Cleanup title references (HO)
)
\c@section@level=\count183
)
LaTeX Info: Redefining \ref on input line 58.
LaTeX Info: Redefining \pageref on input line 58.
LaTeX Info: Redefining \nameref on input line 58.
 (Results_mc6.out) (Results_mc6.out)
\@outlinefile=\write5
\openout5 = `Results_mc6.out'.


("C:\Users\Achim.Ahrens\Miktex portable\texmfs\install\tex\latex\beamer\transla
tor\dicts\translator-basic-dictionary\translator-basic-dictionary-English.dict"
Dictionary: translator-basic-dictionary, Language: English 
)
("C:\Users\Achim.Ahrens\Miktex portable\texmfs\install\tex\latex\beamer\transla
tor\dicts\translator-bibliography-dictionary\translator-bibliography-dictionary
-English.dict"
Dictionary: translator-bibliography-dictionary, Language: English 
)
("C:\Users\Achim.Ahrens\Miktex portable\texmfs\install\tex\latex\beamer\transla
tor\dicts\translator-environment-dictionary\translator-environment-dictionary-E
nglish.dict"
Dictionary: translator-environment-dictionary, Language: English 
)
("C:\Users\Achim.Ahrens\Miktex portable\texmfs\install\tex\latex\beamer\transla
tor\dicts\translator-months-dictionary\translator-months-dictionary-English.dic
t"
Dictionary: translator-months-dictionary, Language: English 
)
("C:\Users\Achim.Ahrens\Miktex portable\texmfs\install\tex\latex\beamer\transla
tor\dicts\translator-numbers-dictionary\translator-numbers-dictionary-English.d
ict"
Dictionary: translator-numbers-dictionary, Language: English 
)
("C:\Users\Achim.Ahrens\Miktex portable\texmfs\install\tex\latex\beamer\transla
tor\dicts\translator-theorem-dictionary\translator-theorem-dictionary-English.d
ict"
Dictionary: translator-theorem-dictionary, Language: English 
)
Package caption Info: Begin \AtBeginDocument code.
Package caption Info: End \AtBeginDocument code.
 (Results_mc6.nav)
LaTeX Font Info:    Try loading font information for OT1+lmr on input line 76.

("C:\Users\Achim.Ahrens\Miktex portable\texmfs\install\tex\latex\lm\ot1lmr.fd"
File: ot1lmr.fd 2009/10/30 v1.6 Font defs for Latin Modern
)
LaTeX Font Info:    Try loading font information for OML+lmm on input line 76.
("C:\Users\Achim.Ahrens\Miktex portable\texmfs\install\tex\latex\lm\omllmm.fd"
File: omllmm.fd 2009/10/30 v1.6 Font defs for Latin Modern
)
LaTeX Font Info:    Try loading font information for OMS+lmsy on input line 76.

("C:\Users\Achim.Ahrens\Miktex portable\texmfs\install\tex\latex\lm\omslmsy.fd"
File: omslmsy.fd 2009/10/30 v1.6 Font defs for Latin Modern
)
LaTeX Font Info:    Try loading font information for OMX+lmex on input line 76.

 ("C:\Users\Achim.Ahrens\Miktex portable\texmfs\install\tex\latex\lm\omxlmex.fd
"
File: omxlmex.fd 2009/10/30 v1.6 Font defs for Latin Modern
)
LaTeX Font Info:    External font `lmex10' loaded for size
(Font)              <10.95> on input line 76.
LaTeX Font Info:    External font `lmex10' loaded for size
(Font)              <8> on input line 76.
LaTeX Font Info:    External font `lmex10' loaded for size
(Font)              <6> on input line 76.
LaTeX Font Info:    Try loading font information for U+msa on input line 76.

("C:\Users\Achim.Ahrens\Miktex portable\texmfs\install\tex\latex\amsfonts\umsa.
fd"
File: umsa.fd 2013/01/14 v3.01 AMS symbols A
)
LaTeX Font Info:    Try loading font information for U+msb on input line 76.

("C:\Users\Achim.Ahrens\Miktex portable\texmfs\install\tex\latex\amsfonts\umsb.
fd"
File: umsb.fd 2013/01/14 v3.01 AMS symbols B
)
LaTeX Font Info:    Try loading font information for OT1+mathkerncmss on input 
line 76.

("C:\Users\Achim.Ahrens\Miktex portable\texmfs\install\tex\latex\sansmathaccent
\ot1mathkerncmss.fd"
File: ot1mathkerncmss.fd 2013/03/27 Fontinst v1.933 font definitions for OT1/ma
thkerncmss.
) [1

{C:/Users/Achim.Ahrens/Miktex portable/texmfs/data/pdftex/config/pdftex.map}]

pdfTeX warning: pdflatex (file C:/Users/Achim.Ahrens/Dropbox/StataLasso/Current
/Do_files/mc6-fig/design1_sigma.5_theta.7.pdf): PDF inclusion: found PDF versio
n <1.6>, but at most version <1.5> allowed

<C:/Users/Achim.Ahrens/Dropbox/StataLasso/Current/Do_files/mc6-fig/design1_sigm
a.5_theta.7.pdf, id=28, 397.485pt x 144.54pt>
File: C:/Users/Achim.Ahrens/Dropbox/StataLasso/Current/Do_files/mc6-fig/design1
_sigma.5_theta.7.pdf Graphic file (type pdf)

<use C:/Users/Achim.Ahrens/Dropbox/StataLasso/Current/Do_files/mc6-fig/design1_
sigma.5_theta.7.pdf>
Package pdftex.def Info: C:/Users/Achim.Ahrens/Dropbox/StataLasso/Current/Do_fi
les/mc6-fig/design1_sigma.5_theta.7.pdf used on input line 78.
(pdftex.def)             Requested size: 323.16805pt x 117.51518pt.

Overfull \hbox (15.87817pt too wide) in paragraph at lines 78--78
[][]  
 []

[2

 <C:/Users/Achim.Ahrens/Dropbox/StataLasso/Current/Do_files/mc6-fig/design1_sig
ma.5_theta.7.pdf>]

pdfTeX warning: pdflatex (file C:/Users/Achim.Ahrens/Dropbox/StataLasso/Current
/Do_files/mc6-fig/design1_sigma1_theta.7.pdf): PDF inclusion: found PDF version
 <1.6>, but at most version <1.5> allowed

<C:/Users/Achim.Ahrens/Dropbox/StataLasso/Current/Do_files/mc6-fig/design1_sigm
a1_theta.7.pdf, id=44, 397.485pt x 144.54pt>
File: C:/Users/Achim.Ahrens/Dropbox/StataLasso/Current/Do_files/mc6-fig/design1
_sigma1_theta.7.pdf Graphic file (type pdf)

<use C:/Users/Achim.Ahrens/Dropbox/StataLasso/Current/Do_files/mc6-fig/design1_
sigma1_theta.7.pdf>
Package pdftex.def Info: C:/Users/Achim.Ahrens/Dropbox/StataLasso/Current/Do_fi
les/mc6-fig/design1_sigma1_theta.7.pdf used on input line 79.
(pdftex.def)             Requested size: 323.16805pt x 117.51518pt.

Overfull \hbox (15.87817pt too wide) in paragraph at lines 79--79
[][]  
 []

[3

 <C:/Users/Achim.Ahrens/Dropbox/StataLasso/Current/Do_files/mc6-fig/design1_sig
ma1_theta.7.pdf>]

pdfTeX warning: pdflatex (file C:/Users/Achim.Ahrens/Dropbox/StataLasso/Current
/Do_files/mc6-fig/design1_sigma2_theta.7.pdf): PDF inclusion: found PDF version
 <1.6>, but at most version <1.5> allowed

<C:/Users/Achim.Ahrens/Dropbox/StataLasso/Current/Do_files/mc6-fig/design1_sigm
a2_theta.7.pdf, id=60, 397.485pt x 144.54pt>
File: C:/Users/Achim.Ahrens/Dropbox/StataLasso/Current/Do_files/mc6-fig/design1
_sigma2_theta.7.pdf Graphic file (type pdf)

<use C:/Users/Achim.Ahrens/Dropbox/StataLasso/Current/Do_files/mc6-fig/design1_
sigma2_theta.7.pdf>
Package pdftex.def Info: C:/Users/Achim.Ahrens/Dropbox/StataLasso/Current/Do_fi
les/mc6-fig/design1_sigma2_theta.7.pdf used on input line 80.
(pdftex.def)             Requested size: 323.16805pt x 117.51518pt.

Overfull \hbox (15.87817pt too wide) in paragraph at lines 80--80
[][]  
 []

[4

 <C:/Users/Achim.Ahrens/Dropbox/StataLasso/Current/Do_files/mc6-fig/design1_sig
ma2_theta.7.pdf>]

pdfTeX warning: pdflatex (file C:/Users/Achim.Ahrens/Dropbox/StataLasso/Current
/Do_files/mc6-fig/design1_sigma3_theta.7.pdf): PDF inclusion: found PDF version
 <1.6>, but at most version <1.5> allowed

<C:/Users/Achim.Ahrens/Dropbox/StataLasso/Current/Do_files/mc6-fig/design1_sigm
a3_theta.7.pdf, id=76, 397.485pt x 144.54pt>
File: C:/Users/Achim.Ahrens/Dropbox/StataLasso/Current/Do_files/mc6-fig/design1
_sigma3_theta.7.pdf Graphic file (type pdf)

<use C:/Users/Achim.Ahrens/Dropbox/StataLasso/Current/Do_files/mc6-fig/design1_
sigma3_theta.7.pdf>
Package pdftex.def Info: C:/Users/Achim.Ahrens/Dropbox/StataLasso/Current/Do_fi
les/mc6-fig/design1_sigma3_theta.7.pdf used on input line 81.
(pdftex.def)             Requested size: 323.16805pt x 117.51518pt.

Overfull \hbox (15.87817pt too wide) in paragraph at lines 81--81
[][]  
 []

[5

 <C:/Users/Achim.Ahrens/Dropbox/StataLasso/Current/Do_files/mc6-fig/design1_sig
ma3_theta.7.pdf>]

pdfTeX warning: pdflatex (file C:/Users/Achim.Ahrens/Dropbox/StataLasso/Current
/Do_files/mc6-fig/design1_sigma5_theta.7.pdf): PDF inclusion: found PDF version
 <1.6>, but at most version <1.5> allowed

<C:/Users/Achim.Ahrens/Dropbox/StataLasso/Current/Do_files/mc6-fig/design1_sigm
a5_theta.7.pdf, id=92, 397.485pt x 144.54pt>
File: C:/Users/Achim.Ahrens/Dropbox/StataLasso/Current/Do_files/mc6-fig/design1
_sigma5_theta.7.pdf Graphic file (type pdf)

<use C:/Users/Achim.Ahrens/Dropbox/StataLasso/Current/Do_files/mc6-fig/design1_
sigma5_theta.7.pdf>
Package pdftex.def Info: C:/Users/Achim.Ahrens/Dropbox/StataLasso/Current/Do_fi
les/mc6-fig/design1_sigma5_theta.7.pdf used on input line 82.
(pdftex.def)             Requested size: 323.16805pt x 117.51518pt.

Overfull \hbox (15.87817pt too wide) in paragraph at lines 82--82
[][]  
 []

[6

 <C:/Users/Achim.Ahrens/Dropbox/StataLasso/Current/Do_files/mc6-fig/design1_sig
ma5_theta.7.pdf>]

pdfTeX warning: pdflatex (file C:/Users/Achim.Ahrens/Dropbox/StataLasso/Current
/Do_files/mc6-fig/design1_sigma.5_theta.9.pdf): PDF inclusion: found PDF versio
n <1.6>, but at most version <1.5> allowed

<C:/Users/Achim.Ahrens/Dropbox/StataLasso/Current/Do_files/mc6-fig/design1_sigm
a.5_theta.9.pdf, id=108, 397.485pt x 144.54pt>
File: C:/Users/Achim.Ahrens/Dropbox/StataLasso/Current/Do_files/mc6-fig/design1
_sigma.5_theta.9.pdf Graphic file (type pdf)

<use C:/Users/Achim.Ahrens/Dropbox/StataLasso/Current/Do_files/mc6-fig/design1_
sigma.5_theta.9.pdf>
Package pdftex.def Info: C:/Users/Achim.Ahrens/Dropbox/StataLasso/Current/Do_fi
les/mc6-fig/design1_sigma.5_theta.9.pdf used on input line 84.
(pdftex.def)             Requested size: 323.16805pt x 117.51518pt.

Overfull \hbox (15.87817pt too wide) in paragraph at lines 84--84
[][]  
 []

[7

 <C:/Users/Achim.Ahrens/Dropbox/StataLasso/Current/Do_files/mc6-fig/design1_sig
ma.5_theta.9.pdf>]

pdfTeX warning: pdflatex (file C:/Users/Achim.Ahrens/Dropbox/StataLasso/Current
/Do_files/mc6-fig/design1_sigma1_theta.9.pdf): PDF inclusion: found PDF version
 <1.6>, but at most version <1.5> allowed

<C:/Users/Achim.Ahrens/Dropbox/StataLasso/Current/Do_files/mc6-fig/design1_sigm
a1_theta.9.pdf, id=125, 397.485pt x 144.54pt>
File: C:/Users/Achim.Ahrens/Dropbox/StataLasso/Current/Do_files/mc6-fig/design1
_sigma1_theta.9.pdf Graphic file (type pdf)

<use C:/Users/Achim.Ahrens/Dropbox/StataLasso/Current/Do_files/mc6-fig/design1_
sigma1_theta.9.pdf>
Package pdftex.def Info: C:/Users/Achim.Ahrens/Dropbox/StataLasso/Current/Do_fi
les/mc6-fig/design1_sigma1_theta.9.pdf used on input line 85.
(pdftex.def)             Requested size: 323.16805pt x 117.51518pt.

Overfull \hbox (15.87817pt too wide) in paragraph at lines 85--85
[][]  
 []

[8

 <C:/Users/Achim.Ahrens/Dropbox/StataLasso/Current/Do_files/mc6-fig/design1_sig
ma1_theta.9.pdf>]

pdfTeX warning: pdflatex (file C:/Users/Achim.Ahrens/Dropbox/StataLasso/Current
/Do_files/mc6-fig/design1_sigma2_theta.9.pdf): PDF inclusion: found PDF version
 <1.6>, but at most version <1.5> allowed

<C:/Users/Achim.Ahrens/Dropbox/StataLasso/Current/Do_files/mc6-fig/design1_sigm
a2_theta.9.pdf, id=141, 397.485pt x 144.54pt>
File: C:/Users/Achim.Ahrens/Dropbox/StataLasso/Current/Do_files/mc6-fig/design1
_sigma2_theta.9.pdf Graphic file (type pdf)

<use C:/Users/Achim.Ahrens/Dropbox/StataLasso/Current/Do_files/mc6-fig/design1_
sigma2_theta.9.pdf>
Package pdftex.def Info: C:/Users/Achim.Ahrens/Dropbox/StataLasso/Current/Do_fi
les/mc6-fig/design1_sigma2_theta.9.pdf used on input line 86.
(pdftex.def)             Requested size: 323.16805pt x 117.51518pt.

Overfull \hbox (15.87817pt too wide) in paragraph at lines 86--86
[][]  
 []

[9

 <C:/Users/Achim.Ahrens/Dropbox/StataLasso/Current/Do_files/mc6-fig/design1_sig
ma2_theta.9.pdf>]

pdfTeX warning: pdflatex (file C:/Users/Achim.Ahrens/Dropbox/StataLasso/Current
/Do_files/mc6-fig/design1_sigma3_theta.9.pdf): PDF inclusion: found PDF version
 <1.6>, but at most version <1.5> allowed

<C:/Users/Achim.Ahrens/Dropbox/StataLasso/Current/Do_files/mc6-fig/design1_sigm
a3_theta.9.pdf, id=157, 397.485pt x 144.54pt>
File: C:/Users/Achim.Ahrens/Dropbox/StataLasso/Current/Do_files/mc6-fig/design1
_sigma3_theta.9.pdf Graphic file (type pdf)

<use C:/Users/Achim.Ahrens/Dropbox/StataLasso/Current/Do_files/mc6-fig/design1_
sigma3_theta.9.pdf>
Package pdftex.def Info: C:/Users/Achim.Ahrens/Dropbox/StataLasso/Current/Do_fi
les/mc6-fig/design1_sigma3_theta.9.pdf used on input line 87.
(pdftex.def)             Requested size: 323.16805pt x 117.51518pt.

Overfull \hbox (15.87817pt too wide) in paragraph at lines 87--87
[][]  
 []

[10

 <C:/Users/Achim.Ahrens/Dropbox/StataLasso/Current/Do_files/mc6-fig/design1_sig
ma3_theta.9.pdf>]

pdfTeX warning: pdflatex (file C:/Users/Achim.Ahrens/Dropbox/StataLasso/Current
/Do_files/mc6-fig/design1_sigma5_theta.9.pdf): PDF inclusion: found PDF version
 <1.6>, but at most version <1.5> allowed

<C:/Users/Achim.Ahrens/Dropbox/StataLasso/Current/Do_files/mc6-fig/design1_sigm
a5_theta.9.pdf, id=173, 397.485pt x 144.54pt>
File: C:/Users/Achim.Ahrens/Dropbox/StataLasso/Current/Do_files/mc6-fig/design1
_sigma5_theta.9.pdf Graphic file (type pdf)

<use C:/Users/Achim.Ahrens/Dropbox/StataLasso/Current/Do_files/mc6-fig/design1_
sigma5_theta.9.pdf>
Package pdftex.def Info: C:/Users/Achim.Ahrens/Dropbox/StataLasso/Current/Do_fi
les/mc6-fig/design1_sigma5_theta.9.pdf used on input line 88.
(pdftex.def)             Requested size: 323.16805pt x 117.51518pt.

Overfull \hbox (15.87817pt too wide) in paragraph at lines 88--88
[][]  
 []

[11

 <C:/Users/Achim.Ahrens/Dropbox/StataLasso/Current/Do_files/mc6-fig/design1_sig
ma5_theta.9.pdf>]

pdfTeX warning: pdflatex (file C:/Users/Achim.Ahrens/Dropbox/StataLasso/Current
/Do_files/mc6-fig/design2_sigma.5_theta.7.pdf): PDF inclusion: found PDF versio
n <1.6>, but at most version <1.5> allowed

<C:/Users/Achim.Ahrens/Dropbox/StataLasso/Current/Do_files/mc6-fig/design2_sigm
a.5_theta.7.pdf, id=189, 397.485pt x 289.08pt>
File: C:/Users/Achim.Ahrens/Dropbox/StataLasso/Current/Do_files/mc6-fig/design2
_sigma.5_theta.7.pdf Graphic file (type pdf)

<use C:/Users/Achim.Ahrens/Dropbox/StataLasso/Current/Do_files/mc6-fig/design2_
sigma.5_theta.7.pdf>
Package pdftex.def Info: C:/Users/Achim.Ahrens/Dropbox/StataLasso/Current/Do_fi
les/mc6-fig/design2_sigma.5_theta.7.pdf used on input line 90.
(pdftex.def)             Requested size: 215.44536pt x 156.68956pt.
 [12

 <C:/Users/Achim.Ahrens/Dropbox/StataLasso/Current/Do_files/mc6-fig/design2_sig
ma.5_theta.7.pdf>]

pdfTeX warning: pdflatex (file C:/Users/Achim.Ahrens/Dropbox/StataLasso/Current
/Do_files/mc6-fig/design2_sigma1_theta.7.pdf): PDF inclusion: found PDF version
 <1.6>, but at most version <1.5> allowed

<C:/Users/Achim.Ahrens/Dropbox/StataLasso/Current/Do_files/mc6-fig/design2_sigm
a1_theta.7.pdf, id=205, 397.485pt x 289.08pt>
File: C:/Users/Achim.Ahrens/Dropbox/StataLasso/Current/Do_files/mc6-fig/design2
_sigma1_theta.7.pdf Graphic file (type pdf)

<use C:/Users/Achim.Ahrens/Dropbox/StataLasso/Current/Do_files/mc6-fig/design2_
sigma1_theta.7.pdf>
Package pdftex.def Info: C:/Users/Achim.Ahrens/Dropbox/StataLasso/Current/Do_fi
les/mc6-fig/design2_sigma1_theta.7.pdf used on input line 91.
(pdftex.def)             Requested size: 215.44536pt x 156.68956pt.
 [13

 <C:/Users/Achim.Ahrens/Dropbox/StataLasso/Current/Do_files/mc6-fig/design2_sig
ma1_theta.7.pdf>]

pdfTeX warning: pdflatex (file C:/Users/Achim.Ahrens/Dropbox/StataLasso/Current
/Do_files/mc6-fig/design2_sigma2_theta.7.pdf): PDF inclusion: found PDF version
 <1.6>, but at most version <1.5> allowed

<C:/Users/Achim.Ahrens/Dropbox/StataLasso/Current/Do_files/mc6-fig/design2_sigm
a2_theta.7.pdf, id=222, 397.485pt x 289.08pt>
File: C:/Users/Achim.Ahrens/Dropbox/StataLasso/Current/Do_files/mc6-fig/design2
_sigma2_theta.7.pdf Graphic file (type pdf)

<use C:/Users/Achim.Ahrens/Dropbox/StataLasso/Current/Do_files/mc6-fig/design2_
sigma2_theta.7.pdf>
Package pdftex.def Info: C:/Users/Achim.Ahrens/Dropbox/StataLasso/Current/Do_fi
les/mc6-fig/design2_sigma2_theta.7.pdf used on input line 92.
(pdftex.def)             Requested size: 215.44536pt x 156.68956pt.
 [14

 <C:/Users/Achim.Ahrens/Dropbox/StataLasso/Current/Do_files/mc6-fig/design2_sig
ma2_theta.7.pdf>]

pdfTeX warning: pdflatex (file C:/Users/Achim.Ahrens/Dropbox/StataLasso/Current
/Do_files/mc6-fig/design2_sigma3_theta.7.pdf): PDF inclusion: found PDF version
 <1.6>, but at most version <1.5> allowed

<C:/Users/Achim.Ahrens/Dropbox/StataLasso/Current/Do_files/mc6-fig/design2_sigm
a3_theta.7.pdf, id=238, 397.485pt x 289.08pt>
File: C:/Users/Achim.Ahrens/Dropbox/StataLasso/Current/Do_files/mc6-fig/design2
_sigma3_theta.7.pdf Graphic file (type pdf)

<use C:/Users/Achim.Ahrens/Dropbox/StataLasso/Current/Do_files/mc6-fig/design2_
sigma3_theta.7.pdf>
Package pdftex.def Info: C:/Users/Achim.Ahrens/Dropbox/StataLasso/Current/Do_fi
les/mc6-fig/design2_sigma3_theta.7.pdf used on input line 93.
(pdftex.def)             Requested size: 215.44536pt x 156.68956pt.
 [15

 <C:/Users/Achim.Ahrens/Dropbox/StataLasso/Current/Do_files/mc6-fig/design2_sig
ma3_theta.7.pdf>]

pdfTeX warning: pdflatex (file C:/Users/Achim.Ahrens/Dropbox/StataLasso/Current
/Do_files/mc6-fig/design2_sigma5_theta.7.pdf): PDF inclusion: found PDF version
 <1.6>, but at most version <1.5> allowed

<C:/Users/Achim.Ahrens/Dropbox/StataLasso/Current/Do_files/mc6-fig/design2_sigm
a5_theta.7.pdf, id=254, 397.485pt x 289.08pt>
File: C:/Users/Achim.Ahrens/Dropbox/StataLasso/Current/Do_files/mc6-fig/design2
_sigma5_theta.7.pdf Graphic file (type pdf)

<use C:/Users/Achim.Ahrens/Dropbox/StataLasso/Current/Do_files/mc6-fig/design2_
sigma5_theta.7.pdf>
Package pdftex.def Info: C:/Users/Achim.Ahrens/Dropbox/StataLasso/Current/Do_fi
les/mc6-fig/design2_sigma5_theta.7.pdf used on input line 94.
(pdftex.def)             Requested size: 215.44536pt x 156.68956pt.
 [16

 <C:/Users/Achim.Ahrens/Dropbox/StataLasso/Current/Do_files/mc6-fig/design2_sig
ma5_theta.7.pdf>]

pdfTeX warning: pdflatex (file C:/Users/Achim.Ahrens/Dropbox/StataLasso/Current
/Do_files/mc6-fig/design2_sigma.5_theta.9.pdf): PDF inclusion: found PDF versio
n <1.6>, but at most version <1.5> allowed

<C:/Users/Achim.Ahrens/Dropbox/StataLasso/Current/Do_files/mc6-fig/design2_sigm
a.5_theta.9.pdf, id=270, 397.485pt x 289.08pt>
File: C:/Users/Achim.Ahrens/Dropbox/StataLasso/Current/Do_files/mc6-fig/design2
_sigma.5_theta.9.pdf Graphic file (type pdf)

<use C:/Users/Achim.Ahrens/Dropbox/StataLasso/Current/Do_files/mc6-fig/design2_
sigma.5_theta.9.pdf>
Package pdftex.def Info: C:/Users/Achim.Ahrens/Dropbox/StataLasso/Current/Do_fi
les/mc6-fig/design2_sigma.5_theta.9.pdf used on input line 96.
(pdftex.def)             Requested size: 215.44536pt x 156.68956pt.
 [17

 <C:/Users/Achim.Ahrens/Dropbox/StataLasso/Current/Do_files/mc6-fig/design2_sig
ma.5_theta.9.pdf>]

pdfTeX warning: pdflatex (file C:/Users/Achim.Ahrens/Dropbox/StataLasso/Current
/Do_files/mc6-fig/design2_sigma1_theta.9.pdf): PDF inclusion: found PDF version
 <1.6>, but at most version <1.5> allowed

<C:/Users/Achim.Ahrens/Dropbox/StataLasso/Current/Do_files/mc6-fig/design2_sigm
a1_theta.9.pdf, id=286, 397.485pt x 289.08pt>
File: C:/Users/Achim.Ahrens/Dropbox/StataLasso/Current/Do_files/mc6-fig/design2
_sigma1_theta.9.pdf Graphic file (type pdf)

<use C:/Users/Achim.Ahrens/Dropbox/StataLasso/Current/Do_files/mc6-fig/design2_
sigma1_theta.9.pdf>
Package pdftex.def Info: C:/Users/Achim.Ahrens/Dropbox/StataLasso/Current/Do_fi
les/mc6-fig/design2_sigma1_theta.9.pdf used on input line 97.
(pdftex.def)             Requested size: 215.44536pt x 156.68956pt.
 [18

 <C:/Users/Achim.Ahrens/Dropbox/StataLasso/Current/Do_files/mc6-fig/design2_sig
ma1_theta.9.pdf>]

pdfTeX warning: pdflatex (file C:/Users/Achim.Ahrens/Dropbox/StataLasso/Current
/Do_files/mc6-fig/design2_sigma2_theta.9.pdf): PDF inclusion: found PDF version
 <1.6>, but at most version <1.5> allowed

<C:/Users/Achim.Ahrens/Dropbox/StataLasso/Current/Do_files/mc6-fig/design2_sigm
a2_theta.9.pdf, id=302, 397.485pt x 289.08pt>
File: C:/Users/Achim.Ahrens/Dropbox/StataLasso/Current/Do_files/mc6-fig/design2
_sigma2_theta.9.pdf Graphic file (type pdf)

<use C:/Users/Achim.Ahrens/Dropbox/StataLasso/Current/Do_files/mc6-fig/design2_
sigma2_theta.9.pdf>
Package pdftex.def Info: C:/Users/Achim.Ahrens/Dropbox/StataLasso/Current/Do_fi
les/mc6-fig/design2_sigma2_theta.9.pdf used on input line 98.
(pdftex.def)             Requested size: 215.44536pt x 156.68956pt.
 [19

 <C:/Users/Achim.Ahrens/Dropbox/StataLasso/Current/Do_files/mc6-fig/design2_sig
ma2_theta.9.pdf>]

pdfTeX warning: pdflatex (file C:/Users/Achim.Ahrens/Dropbox/StataLasso/Current
/Do_files/mc6-fig/design2_sigma3_theta.9.pdf): PDF inclusion: found PDF version
 <1.6>, but at most version <1.5> allowed

<C:/Users/Achim.Ahrens/Dropbox/StataLasso/Current/Do_files/mc6-fig/design2_sigm
a3_theta.9.pdf, id=319, 397.485pt x 289.08pt>
File: C:/Users/Achim.Ahrens/Dropbox/StataLasso/Current/Do_files/mc6-fig/design2
_sigma3_theta.9.pdf Graphic file (type pdf)

<use C:/Users/Achim.Ahrens/Dropbox/StataLasso/Current/Do_files/mc6-fig/design2_
sigma3_theta.9.pdf>
Package pdftex.def Info: C:/Users/Achim.Ahrens/Dropbox/StataLasso/Current/Do_fi
les/mc6-fig/design2_sigma3_theta.9.pdf used on input line 99.
(pdftex.def)             Requested size: 215.44536pt x 156.68956pt.
 [20

 <C:/Users/Achim.Ahrens/Dropbox/StataLasso/Current/Do_files/mc6-fig/design2_sig
ma3_theta.9.pdf>]

pdfTeX warning: pdflatex (file C:/Users/Achim.Ahrens/Dropbox/StataLasso/Current
/Do_files/mc6-fig/design2_sigma5_theta.9.pdf): PDF inclusion: found PDF version
 <1.6>, but at most version <1.5> allowed

<C:/Users/Achim.Ahrens/Dropbox/StataLasso/Current/Do_files/mc6-fig/design2_sigm
a5_theta.9.pdf, id=335, 397.485pt x 289.08pt>
File: C:/Users/Achim.Ahrens/Dropbox/StataLasso/Current/Do_files/mc6-fig/design2
_sigma5_theta.9.pdf Graphic file (type pdf)

<use C:/Users/Achim.Ahrens/Dropbox/StataLasso/Current/Do_files/mc6-fig/design2_
sigma5_theta.9.pdf>
Package pdftex.def Info: C:/Users/Achim.Ahrens/Dropbox/StataLasso/Current/Do_fi
les/mc6-fig/design2_sigma5_theta.9.pdf used on input line 100.
(pdftex.def)             Requested size: 215.44536pt x 156.68956pt.
 [21

 <C:/Users/Achim.Ahrens/Dropbox/StataLasso/Current/Do_files/mc6-fig/design2_sig
ma5_theta.9.pdf>]
\tf@nav=\write6
\openout6 = `Results_mc6.nav'.

\tf@toc=\write7
\openout7 = `Results_mc6.toc'.

\tf@snm=\write8
\openout8 = `Results_mc6.snm'.

Package atveryend Info: Empty hook `BeforeClearDocument' on input line 103.
Package atveryend Info: Empty hook `AfterLastShipout' on input line 103.
 (Results_mc6.aux)
Package atveryend Info: Executing hook `AtVeryEndDocument' on input line 103.
Package atveryend Info: Executing hook `AtEndAfterFileList' on input line 103.
Package rerunfilecheck Info: File `Results_mc6.out' has not changed.
(rerunfilecheck)             Checksum: D41D8CD98F00B204E9800998ECF8427E;0.
 ) 
Here is how much of TeX's memory you used:
 23020 strings out of 495222
 455556 string characters out of 3180468
 521470 words of memory out of 3000000
 25691 multiletter control sequences out of 15000+200000
 43493 words of font info for 53 fonts, out of 3000000 for 9000
 14 hyphenation exceptions out of 8191
 56i,11n,59p,809b,378s stack positions out of 5000i,500n,10000p,200000b,50000s
{C:/Users/Achim.Ahrens/Miktex portable/texmfs/install/fonts/enc/dvips/lm/lm-e
c.enc}{C:/Users/Achim.Ahrens/Miktex portable/texmfs/install/fonts/enc/dvips/lm/
lm-mathsy.enc}{C:/Users/Achim.Ahrens/Miktex portable/texmfs/install/fonts/enc/d
vips/lm/lm-rm.enc}{C:/Users/Achim.Ahrens/Miktex portable/texmfs/install/fonts/e
nc/dvips/lm/lm-mathex.enc}{C:/Users/Achim.Ahrens/Miktex portable/texmfs/install
/fonts/enc/dvips/lm/lm-mathit.enc}<C:/Users/Achim.Ahrens/Miktex portable/texmfs
/install/fonts/type1/public/lm/lmex10.pfb><C:/Users/Achim.Ahrens/Miktex portabl
e/texmfs/install/fonts/type1/public/lm/lmmi10.pfb><C:/Users/Achim.Ahrens/Miktex
 portable/texmfs/install/fonts/type1/public/lm/lmmi8.pfb><C:/Users/Achim.Ahrens
/Miktex portable/texmfs/install/fonts/type1/public/lm/lmr10.pfb><C:/Users/Achim
.Ahrens/Miktex portable/texmfs/install/fonts/type1/public/lm/lmr12.pfb><C:/User
s/Achim.Ahrens/Miktex portable/texmfs/install/fonts/type1/public/lm/lmr6.pfb><C
:/Users/Achim.Ahrens/Miktex portable/texmfs/install/fonts/type1/public/lm/lmr8.
pfb><C:/Users/Achim.Ahrens/Miktex portable/texmfs/install/fonts/type1/public/lm
/lmsy10.pfb><C:/Users/Achim.Ahrens/Miktex portable/texmfs/install/fonts/type1/p
ublic/lm/lmsy8.pfb>
Output written on Results_mc6.pdf (21 pages, 1443537 bytes).
PDF statistics:
 398 PDF objects out of 1000 (max. 8388607)
 43 named destinations out of 1000 (max. 500000)
 143 words of extra memory for PDF output out of 10000 (max. 10000000)

