This is pdfTeX, Version 3.14159265-2.6-1.40.18 (MiKTeX 2.9.6350) (preloaded format=pdflatex 2017.9.4)  27 SEP 2018 15:03
entering extended mode
**./MC_results_09_design1.tex
(MC_results_09_design1.tex
LaTeX2e <2017-04-15>
Babel <3.10> and hyphenation patterns for 1 language(s) loaded.

("C:\Users\Achim.Ahrens\Miktex portable\texmfs\install\tex\latex\base\article.c
ls"
Document Class: article 2014/09/29 v1.4h Standard LaTeX document class

("C:\Users\Achim.Ahrens\Miktex portable\texmfs\install\tex\latex\base\size10.cl
o"
File: size10.clo 2014/09/29 v1.4h Standard LaTeX file (size option)
)
\c@part=\count79
\c@section=\count80
\c@subsection=\count81
\c@subsubsection=\count82
\c@paragraph=\count83
\c@subparagraph=\count84
\c@figure=\count85
\c@table=\count86
\abovecaptionskip=\skip41
\belowcaptionskip=\skip42
\bibindent=\dimen102
)
("C:\Users\Achim.Ahrens\Miktex portable\texmfs\install\tex\latex\booktabs\bookt
abs.sty"
Package: booktabs 2005/04/14 v1.61803 publication quality tables
\heavyrulewidth=\dimen103
\lightrulewidth=\dimen104
\cmidrulewidth=\dimen105
\belowrulesep=\dimen106
\belowbottomsep=\dimen107
\aboverulesep=\dimen108
\abovetopsep=\dimen109
\cmidrulesep=\dimen110
\cmidrulekern=\dimen111
\defaultaddspace=\dimen112
\@cmidla=\count87
\@cmidlb=\count88
\@aboverulesep=\dimen113
\@belowrulesep=\dimen114
\@thisruleclass=\count89
\@lastruleclass=\count90
\@thisrulewidth=\dimen115
)
("C:\Users\Achim.Ahrens\Miktex portable\texmfs\install\tex\latex\tools\tabularx
.sty"
Package: tabularx 2016/02/03 v2.11 `tabularx' package (DPC)

("C:\Users\Achim.Ahrens\Miktex portable\texmfs\install\tex\latex\tools\array.st
y"
Package: array 2016/10/06 v2.4d Tabular extension package (FMi)
\col@sep=\dimen116
\extrarowheight=\dimen117
\NC@list=\toks14
\extratabsurround=\skip43
\backup@length=\skip44
)
\TX@col@width=\dimen118
\TX@old@table=\dimen119
\TX@old@col=\dimen120
\TX@target=\dimen121
\TX@delta=\dimen122
\TX@cols=\count91
\TX@ftn=\toks15
)
("C:\Users\Achim.Ahrens\Miktex portable\texmfs\install\tex\latex\geometry\geome
try.sty"
Package: geometry 2010/09/12 v5.6 Page Geometry

("C:\Users\Achim.Ahrens\Miktex portable\texmfs\install\tex\latex\graphics\keyva
l.sty"
Package: keyval 2014/10/28 v1.15 key=value parser (DPC)
\KV@toks@=\toks16
)
("C:\Users\Achim.Ahrens\Miktex portable\texmfs\install\tex\generic\oberdiek\ifp
df.sty"
Package: ifpdf 2017/03/15 v3.2 Provides the ifpdf switch
)
("C:\Users\Achim.Ahrens\Miktex portable\texmfs\install\tex\generic\oberdiek\ifv
tex.sty"
Package: ifvtex 2016/05/16 v1.6 Detect VTeX and its facilities (HO)
Package ifvtex Info: VTeX not detected.
)
("C:\Users\Achim.Ahrens\Miktex portable\texmfs\install\tex\generic\ifxetex\ifxe
tex.sty"
Package: ifxetex 2010/09/12 v0.6 Provides ifxetex conditional
)
\Gm@cnth=\count92
\Gm@cntv=\count93
\c@Gm@tempcnt=\count94
\Gm@bindingoffset=\dimen123
\Gm@wd@mp=\dimen124
\Gm@odd@mp=\dimen125
\Gm@even@mp=\dimen126
\Gm@layoutwidth=\dimen127
\Gm@layoutheight=\dimen128
\Gm@layouthoffset=\dimen129
\Gm@layoutvoffset=\dimen130
\Gm@dimlist=\toks17

("C:\Users\Achim.Ahrens\Miktex portable\texmfs\install\tex\latex\geometry\geome
try.cfg")) (MC_results_09_design1.aux)
\openout1 = `MC_results_09_design1.aux'.

LaTeX Font Info:    Checking defaults for OML/cmm/m/it on input line 5.
LaTeX Font Info:    ... okay on input line 5.
LaTeX Font Info:    Checking defaults for T1/cmr/m/n on input line 5.
LaTeX Font Info:    ... okay on input line 5.
LaTeX Font Info:    Checking defaults for OT1/cmr/m/n on input line 5.
LaTeX Font Info:    ... okay on input line 5.
LaTeX Font Info:    Checking defaults for OMS/cmsy/m/n on input line 5.
LaTeX Font Info:    ... okay on input line 5.
LaTeX Font Info:    Checking defaults for OMX/cmex/m/n on input line 5.
LaTeX Font Info:    ... okay on input line 5.
LaTeX Font Info:    Checking defaults for U/cmr/m/n on input line 5.
LaTeX Font Info:    ... okay on input line 5.

*geometry* driver: auto-detecting
*geometry* detected driver: pdftex
*geometry* verbose mode - [ preamble ] result:
* driver: pdftex
* paper: <default>
* layout: <same size as paper>
* layoutoffset:(h,v)=(0.0pt,0.0pt)
* modes: 
* h-part:(L,W,R)=(72.26999pt, 469.75502pt, 72.26999pt)
* v-part:(T,H,B)=(72.26999pt, 650.43001pt, 72.26999pt)
* \paperwidth=614.295pt
* \paperheight=794.96999pt
* \textwidth=469.75502pt
* \textheight=650.43001pt
* \oddsidemargin=0.0pt
* \evensidemargin=0.0pt
* \topmargin=-37.0pt
* \headheight=12.0pt
* \headsep=25.0pt
* \topskip=10.0pt
* \footskip=30.0pt
* \marginparwidth=65.0pt
* \marginparsep=11.0pt
* \columnsep=10.0pt
* \skip\footins=9.0pt plus 4.0pt minus 2.0pt
* \hoffset=0.0pt
* \voffset=0.0pt
* \mag=1000
* \@twocolumnfalse
* \@twosidefalse
* \@mparswitchfalse
* \@reversemarginfalse
* (1in=72.27pt=25.4mm, 1cm=28.453pt)


Overfull \hbox (2.35559pt too wide) in paragraph at lines 48--48
 []|\OT1/cmr/m/n/5 cvlasso| 
 []


Overfull \hbox (2.98059pt too wide) in paragraph at lines 48--48
 []|\OT1/cmr/m/n/5 cvridge| 
 []


Overfull \hbox (6.86949pt too wide) in paragraph at lines 48--48
 []|\OT1/cmr/m/n/5 cvelastic| 
 []


Overfull \hbox (12.39044pt too wide) in paragraph at lines 48--48
 []|\OT1/cmr/m/n/5 rlassoxdep| 
 []


Overfull \hbox (7.2862pt too wide) in paragraph at lines 48--48
 []|\OT1/cmr/m/n/5 sqrtxdep| 
 []


Overfull \hbox (7.11258pt too wide) in paragraph at lines 48--48
 []|\OT1/cmr/m/n/5 Stepwise| 
 []


Overfull \hbox (0.79308pt too wide) in paragraph at lines 48--48
 []|\OT1/cmr/m/n/5 Oracle| 
 []


Overfull \hbox (1.39813pt too wide) in paragraph at lines 48--48
 \OT1/cmr/m/n/5 (\OT1/cmr/m/it/5 4.053\OT1/cmr/m/n/5 )| 
 []


Overfull \hbox (1.39813pt too wide) in paragraph at lines 48--48
 \OT1/cmr/m/n/5 (\OT1/cmr/m/it/5 2.229\OT1/cmr/m/n/5 )| 
 []


Overfull \hbox (1.39813pt too wide) in paragraph at lines 48--48
 \OT1/cmr/m/n/5 (\OT1/cmr/m/it/5 1.963\OT1/cmr/m/n/5 )| 
 []


Overfull \hbox (1.39813pt too wide) in paragraph at lines 48--48
 \OT1/cmr/m/n/5 (\OT1/cmr/m/it/5 1.895\OT1/cmr/m/n/5 )| 
 []


Overfull \hbox (1.39813pt too wide) in paragraph at lines 48--48
 \OT1/cmr/m/n/5 (\OT1/cmr/m/it/5 2.251\OT1/cmr/m/n/5 )| 
 []


Overfull \hbox (1.39813pt too wide) in paragraph at lines 48--48
 \OT1/cmr/m/n/5 (\OT1/cmr/m/it/5 1.848\OT1/cmr/m/n/5 )| 
 []


Overfull \hbox (1.39813pt too wide) in paragraph at lines 48--48
 \OT1/cmr/m/n/5 (\OT1/cmr/m/it/5 1.858\OT1/cmr/m/n/5 )| 
 []


Overfull \hbox (1.39813pt too wide) in paragraph at lines 48--48
 \OT1/cmr/m/n/5 (\OT1/cmr/m/it/5 1.846\OT1/cmr/m/n/5 )| 
 []


Overfull \hbox (1.39813pt too wide) in paragraph at lines 48--48
 \OT1/cmr/m/n/5 (\OT1/cmr/m/it/5 3.907\OT1/cmr/m/n/5 )| 
 []


Overfull \hbox (1.39813pt too wide) in paragraph at lines 48--48
 \OT1/cmr/m/n/5 (\OT1/cmr/m/it/5 3.792\OT1/cmr/m/n/5 )| 
 []


Overfull \hbox (1.39813pt too wide) in paragraph at lines 48--48
 \OT1/cmr/m/n/5 (\OT1/cmr/m/it/5 4.448\OT1/cmr/m/n/5 )| 
 []


Overfull \hbox (1.39813pt too wide) in paragraph at lines 48--48
 \OT1/cmr/m/n/5 (\OT1/cmr/m/it/5 3.689\OT1/cmr/m/n/5 )| 
 []


Overfull \hbox (1.39813pt too wide) in paragraph at lines 48--48
 \OT1/cmr/m/n/5 (\OT1/cmr/m/it/5 3.704\OT1/cmr/m/n/5 )| 
 []


Overfull \hbox (1.39813pt too wide) in paragraph at lines 48--48
 \OT1/cmr/m/n/5 (\OT1/cmr/m/it/5 3.676\OT1/cmr/m/n/5 )| 
 []


Overfull \hbox (4.41403pt too wide) in paragraph at lines 48--48
 \OT1/cmr/m/n/5 (\OT1/cmr/m/it/5 17.725\OT1/cmr/m/n/5 )| 
 []


Overfull \hbox (1.39813pt too wide) in paragraph at lines 48--48
 \OT1/cmr/m/n/5 (\OT1/cmr/m/it/5 8.899\OT1/cmr/m/n/5 )| 
 []


Overfull \hbox (1.39813pt too wide) in paragraph at lines 48--48
 \OT1/cmr/m/n/5 (\OT1/cmr/m/it/5 7.846\OT1/cmr/m/n/5 )| 
 []


Overfull \hbox (1.39813pt too wide) in paragraph at lines 48--48
 \OT1/cmr/m/n/5 (\OT1/cmr/m/it/5 7.628\OT1/cmr/m/n/5 )| 
 []


Overfull \hbox (1.39813pt too wide) in paragraph at lines 48--48
 \OT1/cmr/m/n/5 (\OT1/cmr/m/it/5 8.901\OT1/cmr/m/n/5 )| 
 []


Overfull \hbox (1.39813pt too wide) in paragraph at lines 48--48
 \OT1/cmr/m/n/5 (\OT1/cmr/m/it/5 7.511\OT1/cmr/m/n/5 )| 
 []


Overfull \hbox (1.39813pt too wide) in paragraph at lines 48--48
 \OT1/cmr/m/n/5 (\OT1/cmr/m/it/5 7.521\OT1/cmr/m/n/5 )| 
 []


Overfull \hbox (1.39813pt too wide) in paragraph at lines 48--48
 \OT1/cmr/m/n/5 (\OT1/cmr/m/it/5 7.516\OT1/cmr/m/n/5 )| 
 []


Overfull \hbox (1.39813pt too wide) in paragraph at lines 48--48
 \OT1/cmr/m/n/5 (\OT1/cmr/m/it/5 7.502\OT1/cmr/m/n/5 )| 
 []


Overfull \hbox (4.41403pt too wide) in paragraph at lines 48--48
 \OT1/cmr/m/n/5 (\OT1/cmr/m/it/5 20.952\OT1/cmr/m/n/5 )| 
 []


Overfull \hbox (1.39813pt too wide) in paragraph at lines 48--48
 \OT1/cmr/m/n/5 (\OT1/cmr/m/it/5 11.95\OT1/cmr/m/n/5 )| 
 []


Overfull \hbox (4.41403pt too wide) in paragraph at lines 48--48
 \OT1/cmr/m/n/5 (\OT1/cmr/m/it/5 10.764\OT1/cmr/m/n/5 )| 
 []


Overfull \hbox (4.41403pt too wide) in paragraph at lines 48--48
 \OT1/cmr/m/n/5 (\OT1/cmr/m/it/5 10.596\OT1/cmr/m/n/5 )| 
 []


Overfull \hbox (4.41403pt too wide) in paragraph at lines 48--48
 \OT1/cmr/m/n/5 (\OT1/cmr/m/it/5 12.068\OT1/cmr/m/n/5 )| 
 []


Overfull \hbox (4.41403pt too wide) in paragraph at lines 48--48
 \OT1/cmr/m/n/5 (\OT1/cmr/m/it/5 10.529\OT1/cmr/m/n/5 )| 
 []


Overfull \hbox (4.41403pt too wide) in paragraph at lines 48--48
 \OT1/cmr/m/n/5 (\OT1/cmr/m/it/5 10.495\OT1/cmr/m/n/5 )| 
 []


Overfull \hbox (4.41403pt too wide) in paragraph at lines 48--48
 \OT1/cmr/m/n/5 (\OT1/cmr/m/it/5 10.614\OT1/cmr/m/n/5 )| 
 []


Overfull \hbox (4.41403pt too wide) in paragraph at lines 48--48
 \OT1/cmr/m/n/5 (\OT1/cmr/m/it/5 10.533\OT1/cmr/m/n/5 )| 
 []


Overfull \hbox (4.41403pt too wide) in paragraph at lines 48--48
 \OT1/cmr/m/n/5 (\OT1/cmr/m/it/5 33.852\OT1/cmr/m/n/5 )| 
 []


Overfull \hbox (1.39813pt too wide) in paragraph at lines 48--48
 \OT1/cmr/m/n/5 (\OT1/cmr/m/it/5 15.48\OT1/cmr/m/n/5 )| 
 []


Overfull \hbox (4.41403pt too wide) in paragraph at lines 48--48
 \OT1/cmr/m/n/5 (\OT1/cmr/m/it/5 15.069\OT1/cmr/m/n/5 )| 
 []


Overfull \hbox (4.41403pt too wide) in paragraph at lines 48--48
 \OT1/cmr/m/n/5 (\OT1/cmr/m/it/5 18.478\OT1/cmr/m/n/5 )| 
 []


Overfull \hbox (4.41403pt too wide) in paragraph at lines 48--48
 \OT1/cmr/m/n/5 (\OT1/cmr/m/it/5 15.129\OT1/cmr/m/n/5 )| 
 []


Overfull \hbox (4.41403pt too wide) in paragraph at lines 48--48
 \OT1/cmr/m/n/5 (\OT1/cmr/m/it/5 14.993\OT1/cmr/m/n/5 )| 
 []


Overfull \hbox (4.41403pt too wide) in paragraph at lines 48--48
 \OT1/cmr/m/n/5 (\OT1/cmr/m/it/5 15.363\OT1/cmr/m/n/5 )| 
 []


Overfull \hbox (1.39813pt too wide) in paragraph at lines 48--48
 \OT1/cmr/m/n/5 (\OT1/cmr/m/it/5 15.12\OT1/cmr/m/n/5 )| 
 []


Overfull \hbox (1.39813pt too wide) in paragraph at lines 48--48
 \OT1/cmr/m/n/5 (\OT1/cmr/m/it/5 1.045\OT1/cmr/m/n/5 )| 
 []


Overfull \hbox (1.39813pt too wide) in paragraph at lines 48--48
 \OT1/cmr/m/n/5 (\OT1/cmr/m/it/5 1.429\OT1/cmr/m/n/5 )| 
 []


Overfull \hbox (1.39813pt too wide) in paragraph at lines 48--48
 \OT1/cmr/m/n/5 (\OT1/cmr/m/it/5 1.007\OT1/cmr/m/n/5 )| 
 []


Overfull \hbox (1.39813pt too wide) in paragraph at lines 48--48
 \OT1/cmr/m/n/5 (\OT1/cmr/m/it/5 1.155\OT1/cmr/m/n/5 )| 
 []


Overfull \hbox (1.39813pt too wide) in paragraph at lines 48--48
 \OT1/cmr/m/n/5 (\OT1/cmr/m/it/5 2.393\OT1/cmr/m/n/5 )| 
 []


Overfull \hbox (1.39813pt too wide) in paragraph at lines 48--48
 \OT1/cmr/m/n/5 (\OT1/cmr/m/it/5 1.913\OT1/cmr/m/n/5 )| 
 []


Overfull \hbox (1.39813pt too wide) in paragraph at lines 48--48
 \OT1/cmr/m/n/5 (\OT1/cmr/m/it/5 1.513\OT1/cmr/m/n/5 )| 
 []


Overfull \hbox (1.39813pt too wide) in paragraph at lines 48--48
 \OT1/cmr/m/n/5 (\OT1/cmr/m/it/5 1.467\OT1/cmr/m/n/5 )| 
 []


Overfull \hbox (1.39813pt too wide) in paragraph at lines 48--48
 \OT1/cmr/m/n/5 (\OT1/cmr/m/it/5 1.465\OT1/cmr/m/n/5 )| 
 []


Overfull \hbox (1.39813pt too wide) in paragraph at lines 48--48
 \OT1/cmr/m/n/5 (\OT1/cmr/m/it/5 1.475\OT1/cmr/m/n/5 )| 
 []


Overfull \hbox (1.39813pt too wide) in paragraph at lines 48--48
 \OT1/cmr/m/n/5 (\OT1/cmr/m/it/5 1.467\OT1/cmr/m/n/5 )| 
 []


Overfull \hbox (1.39813pt too wide) in paragraph at lines 48--48
 \OT1/cmr/m/n/5 (\OT1/cmr/m/it/5 1.226\OT1/cmr/m/n/5 )| 
 []


Overfull \hbox (1.39813pt too wide) in paragraph at lines 48--48
 \OT1/cmr/m/n/5 (\OT1/cmr/m/it/5 1.622\OT1/cmr/m/n/5 )| 
 []


Overfull \hbox (1.39813pt too wide) in paragraph at lines 48--48
 \OT1/cmr/m/n/5 (\OT1/cmr/m/it/5 1.241\OT1/cmr/m/n/5 )| 
 []


Overfull \hbox (1.39813pt too wide) in paragraph at lines 48--48
 \OT1/cmr/m/n/5 (\OT1/cmr/m/it/5 1.072\OT1/cmr/m/n/5 )| 
 []


Overfull \hbox (1.39813pt too wide) in paragraph at lines 48--48
 \OT1/cmr/m/n/5 (\OT1/cmr/m/it/5 1.028\OT1/cmr/m/n/5 )| 
 []


Overfull \hbox (1.39813pt too wide) in paragraph at lines 48--48
 \OT1/cmr/m/n/5 (\OT1/cmr/m/it/5 1.239\OT1/cmr/m/n/5 )| 
 []


Overfull \hbox (1.39813pt too wide) in paragraph at lines 48--48
 \OT1/cmr/m/n/5 (\OT1/cmr/m/it/5 1.002\OT1/cmr/m/n/5 )| 
 []


Overfull \hbox (1.39813pt too wide) in paragraph at lines 48--48
 \OT1/cmr/m/n/5 (\OT1/cmr/m/it/5 1.002\OT1/cmr/m/n/5 )| 
 []


Overfull \hbox (1.39813pt too wide) in paragraph at lines 48--48
 \OT1/cmr/m/n/5 (\OT1/cmr/m/it/5 1.007\OT1/cmr/m/n/5 )| 
 []


Overfull \hbox (1.39813pt too wide) in paragraph at lines 48--48
 \OT1/cmr/m/n/5 (\OT1/cmr/m/it/5 1.001\OT1/cmr/m/n/5 )| 
 []


Overfull \hbox (1.39813pt too wide) in paragraph at lines 48--48
 \OT1/cmr/m/n/5 (\OT1/cmr/m/it/5 2.677\OT1/cmr/m/n/5 )| 
 []


Overfull \hbox (1.39813pt too wide) in paragraph at lines 48--48
 \OT1/cmr/m/n/5 (\OT1/cmr/m/it/5 1.574\OT1/cmr/m/n/5 )| 
 []


Overfull \hbox (1.39813pt too wide) in paragraph at lines 48--48
 \OT1/cmr/m/n/5 (\OT1/cmr/m/it/5 2.043\OT1/cmr/m/n/5 )| 
 []


Overfull \hbox (1.39813pt too wide) in paragraph at lines 48--48
 \OT1/cmr/m/n/5 (\OT1/cmr/m/it/5 1.525\OT1/cmr/m/n/5 )| 
 []


Overfull \hbox (1.39813pt too wide) in paragraph at lines 48--48
 \OT1/cmr/m/n/5 (\OT1/cmr/m/it/5 1.523\OT1/cmr/m/n/5 )| 
 []


Overfull \hbox (1.39813pt too wide) in paragraph at lines 48--48
 \OT1/cmr/m/n/5 (\OT1/cmr/m/it/5 1.534\OT1/cmr/m/n/5 )| 
 []


Overfull \hbox (1.39813pt too wide) in paragraph at lines 48--48
 \OT1/cmr/m/n/5 (\OT1/cmr/m/it/5 1.525\OT1/cmr/m/n/5 )| 
 []

[1{C:/Users/Achim.Ahrens/Miktex portable/texmfs/data/pdftex/config/pdftex.map}]
(MC_results_09_design1.aux) ) 
Here is how much of TeX's memory you used:
 879 strings out of 495222
 12671 string characters out of 3180468
 178802 words of memory out of 3000000
 4226 multiletter control sequences out of 15000+200000
 3989 words of font info for 15 fonts, out of 3000000 for 9000
 14 hyphenation exceptions out of 8191
 24i,9n,32p,412b,326s stack positions out of 5000i,500n,10000p,200000b,50000s
<C:/Users/Achim.Ahrens/Miktex portable/texmfs/inst
all/fonts/type1/public/amsfonts/cm/cmmi5.pfb><C:/Users/Achim.Ahrens/Miktex port
able/texmfs/install/fonts/type1/public/amsfonts/cm/cmr10.pfb><C:/Users/Achim.Ah
rens/Miktex portable/texmfs/install/fonts/type1/public/amsfonts/cm/cmr5.pfb><C:
/Users/Achim.Ahrens/Miktex portable/texmfs/install/fonts/type1/public/amsfonts/
cm/cmti7.pfb>
Output written on MC_results_09_design1.pdf (1 page, 44752 bytes).
PDF statistics:
 22 PDF objects out of 1000 (max. 8388607)
 0 named destinations out of 1000 (max. 500000)
 1 words of extra memory for PDF output out of 10000 (max. 10000000)

